#
# A fatal error has been detected by the Java Runtime Environment:
#
#  EXCEPTION_ACCESS_VIOLATION (0xc0000005) at pc=0x00007ffbadb4be01, pid=13596, tid=20164
#
# JRE version: Java(TM) SE Runtime Environment (23.0.1+11) (build 23.0.1+11-39)
# Java VM: Java HotSpot(TM) 64-Bit Server VM (23.0.1+11-39, mixed mode, sharing, tiered, compressed oops, compressed class ptrs, g1 gc, windows-amd64)
# Problematic frame:
# C  [awt.dll+0xdbe01]
#
# No core dump will be written. Minidumps are not enabled by default on client versions of Windows
#
# If you would like to submit a bug report, please visit:
#   https://bugreport.java.com/bugreport/crash.jsp
# The crash happened outside the Java Virtual Machine in native code.
# See problematic frame for where to report the bug.
#

---------------  S U M M A R Y ------------

Command Line: -javaagent:C:\Program Files\JetBrains\IntelliJ IDEA Community Edition 2024.3.4.1\lib\idea_rt.jar=60974 -Dfile.encoding=UTF-8 -Dsun.stdout.encoding=UTF-8 -Dsun.stderr.encoding=UTF-8 Main.Main

Host: Intel(R) Core(TM) i5-9500T CPU @ 2.20GHz, 6 cores, 15G,  Windows 11 , 64 bit Build 26100 (10.0.26100.3775)
Time: Wed Apr 23 19:58:19 2025 Malay Peninsula Standard Time elapsed time: 356.732104 seconds (0d 0h 5m 56s)

---------------  T H R E A D  ---------------

Current thread (0x0000023745317e80):  JavaThread "AWT-Windows" daemon [_thread_in_native, id=20164, stack(0x000000449ad00000,0x000000449ae00000) (1024K)]

Stack: [0x000000449ad00000,0x000000449ae00000],  sp=0x000000449adfec70,  free space=1019k
Native frames: (J=compiled Java code, j=interpreted, Vv=VM code, C=native code)
C  [awt.dll+0xdbe01]  (no source info available)
C  [awt.dll+0x9783c]  (no source info available)
C  [awt.dll+0x978e6]  (no source info available)
C  [awt.dll+0x94cb6]  (no source info available)
C  [awt.dll+0xe0f8c]  (no source info available)
C  [awt.dll+0xb0d3d]  (no source info available)
C  [awt.dll+0x97e1d]  (no source info available)
C  [USER32.dll+0xb643]  (no source info available)
C  [USER32.dll+0xaf5c]  (no source info available)
C  [awt.dll+0x161c3]  (no source info available)
C  [COMCTL32.dll+0x24d18]  (no source info available)
C  [COMCTL32.dll+0x24aef]  (no source info available)
C  [USER32.dll+0xb643]  (no source info available)
C  [USER32.dll+0x91cd]  (no source info available)
C  [awt.dll+0xd530e]  (no source info available)
C  [awt.dll+0xd7242]  (no source info available)
C  0x000002375d22d207  (no source info available)

The last pc belongs to native method entry point (kind = native) (printed below).
Java frames: (J=compiled Java code, j=interpreted, Vv=VM code)
j  sun.awt.windows.WToolkit.eventLoop()V+0 java.desktop@23.0.1
j  sun.awt.windows.WToolkit.run()V+50 java.desktop@23.0.1
j  java.lang.Thread.runWith(Ljava/lang/Object;Ljava/lang/Runnable;)V+5 java.base@23.0.1
j  java.lang.Thread.run()V+19 java.base@23.0.1
v  ~StubRoutines::call_stub 0x000002375d220fcd

siginfo: EXCEPTION_ACCESS_VIOLATION (0xc0000005), reading address 0x0000000000000008


Registers:
RAX=0x0000000000000000, RBX=0x0000023747a5fc70, RCX=0x0000000000000000, RDX=0x0000000000000000
RSP=0x000000449adfec70, RBP=0x000000449adfed79, RSI=0x000000007e010e7c, RDI=0x0000000000000000
R8 =0x0000000000000001, R9 =0x0000004499251000, R10=0x0000000000000000, R11=0x0000000000000246
R12=0x0000000000000000, R13=0x0000000000000310, R14=0x0000000000000000, R15=0x0000000000000000
RIP=0x00007ffbadb4be01, EFLAGS=0x0000000000010246


Register to memory mapping:

RAX=0x0 is null
RBX=0x0000023747a5fc70 points into unknown readable memory: 0x0000023745d0aaa0 | a0 aa d0 45 37 02 00 00
RCX=0x0 is null
RDX=0x0 is null
RSP=0x000000449adfec70 is pointing into the stack for thread: 0x0000023745317e80
RBP=0x000000449adfed79 is pointing into the stack for thread: 0x0000023745317e80
RSI=0x000000007e010e7c is an unknown value
RDI=0x0 is null
R8 =0x0000000000000001 is an unknown value
R9 =0x0000004499251000 points into unknown readable memory: 0x0000000000000000 | 00 00 00 00 00 00 00 00
R10=0x0 is null
R11=0x0000000000000246 is an unknown value
R12=0x0 is null
R13=0x0000000000000310 is an unknown value
R14=0x0 is null
R15=0x0 is null

Top of Stack: (sp=0x000000449adfec70)
0x000000449adfec70:   00007ffbadba9838 000000007e010e7c
0x000000449adfec80:   0000000000000000 0000000000000000
0x000000449adfec90:   0000000000000000 00007ffbadb0783c
0x000000449adfeca0:   000000007e010e7c 000002374567b870
0x000000449adfecb0:   0000023747a5fc70 000000449adfefe8
0x000000449adfecc0:   0000000000000000 00007ffbadb078e6
0x000000449adfecd0:   000002374567b870 00007ffbada70000
0x000000449adfece0:   000000449adfedd8 00007ffbab314d18
0x000000449adfecf0:   0000000000000000 00007ffbadb04cb6
0x000000449adfed00:   000002374567b870 0000000000000000
0x000000449adfed10:   00007ffbadb07dc0 00007ffbca8ba05e
0x000000449adfed20:   00007ffb0c1eb4a0 00007ffbc8e827a9
0x000000449adfed30:   000000449adfedd0 0000000000000001
0x000000449adfed40:   0000000000000000 000000449adfedd8
0x000000449adfed50:   0000000000000000 0000000000000000
0x000000449adfed60:   0000000000000000 0000023745318240
0x000000449adfed70:   000002374567b910 0000000000000000
0x000000449adfed80:   0000000000000000 0000c5c72165019f
0x000000449adfed90:   0000000000000000 0000000000000000
0x000000449adfeda0:   0000000000000000 0000000000000000
0x000000449adfedb0:   0000000000000000 0000000000000310
0x000000449adfedc0:   0000000000000000 000002374567b870
0x000000449adfedd0:   000002374567b870 00007ffbadb50f8c
0x000000449adfede0:   0000000000000000 0000ca096e63c85c
0x000000449adfedf0:   0000d2b99f7b552e 000000000000c263
0x000000449adfee00:   0000000000000001 0000000000000022
0x000000449adfee10:   0000000000000000 00007ffbc8e4b706
0x000000449adfee20:   0000000000000022 00000000000f09ea
0x000000449adfee30:   000000000000c263 00007ffbca89909f
0x000000449adfee40:   00000000000f09ea 00007ffbc8e688ea
0x000000449adfee50:   ffffffffffffffeb 0000c5c72165017f
0x000000449adfee60:   000002374b8a13d0 0000000000000000 

Instructions: (pc=0x00007ffbadb4be01)
0x00007ffbadb4bd01:   83 ec 28 66 0f 6e c2 0f 5b c0 f3 0f 59 41 48 0f
0x00007ffbadb4bd11:   5a c8 f2 0f 10 05 bd 4e 03 00 f2 0f 5c 0d e5 4e
0x00007ffbadb4bd21:   01 00 66 0f 2f c1 76 0a b8 00 00 00 80 48 83 c4
0x00007ffbadb4bd31:   28 c3 66 0f 2f 0d 65 98 02 00 76 0a b8 ff ff ff
0x00007ffbadb4bd41:   7f 48 83 c4 28 c3 0f 28 c1 e8 af 0e 01 00 f2 0f
0x00007ffbadb4bd51:   2c c0 48 83 c4 28 c3 cc cc cc cc cc cc cc cc 48
0x00007ffbadb4bd61:   83 ec 28 66 0f 6e c2 0f 5b c0 f3 0f 59 41 4c 0f
0x00007ffbadb4bd71:   5a c8 f2 0f 10 05 5d 4e 03 00 f2 0f 5c 0d 85 4e
0x00007ffbadb4bd81:   01 00 66 0f 2f c1 76 0a b8 00 00 00 80 48 83 c4
0x00007ffbadb4bd91:   28 c3 66 0f 2f 0d 05 98 02 00 76 0a b8 ff ff ff
0x00007ffbadb4bda1:   7f 48 83 c4 28 c3 0f 28 c1 e8 4f 0e 01 00 f2 0f
0x00007ffbadb4bdb1:   2c c0 48 83 c4 28 c3 cc cc cc cc cc cc cc cc 48
0x00007ffbadb4bdc1:   8b 49 08 48 85 c9 0f 85 b3 7c fe ff 33 c0 c3 48
0x00007ffbadb4bdd1:   89 5c 24 08 48 89 74 24 10 57 48 83 ec 20 8b fa
0x00007ffbadb4bde1:   48 8b f1 e8 b7 be f4 ff 48 8b d8 48 89 44 24 40
0x00007ffbadb4bdf1:   41 b8 01 00 00 00 8b d7 48 8b c8 e8 1f be f4 ff
0x00007ffbadb4be01:   48 8b 48 08 48 85 c9 74 0d 48 8b d6 e8 6e 7c fe
0x00007ffbadb4be11:   ff 48 8b f8 eb 02 33 ff 48 8b cb e8 3f c0 f4 ff
0x00007ffbadb4be21:   90 48 8b c7 48 8b 5c 24 30 48 8b 74 24 38 48 83
0x00007ffbadb4be31:   c4 20 5f c3 cc cc cc cc cc cc cc cc cc cc cc 48
0x00007ffbadb4be41:   8b 01 89 10 c3 cc cc cc cc cc cc cc cc cc cc 40
0x00007ffbadb4be51:   57 48 83 ec 40 48 83 79 38 00 48 8b f9 0f 84 96
0x00007ffbadb4be61:   01 00 00 48 8b 0d b5 9f 06 00 ba 02 00 01 00 48
0x00007ffbadb4be71:   89 5c 24 58 48 89 74 24 68 e8 40 d8 00 00 4c 8b
0x00007ffbadb4be81:   05 12 a5 06 00 48 8b c8 48 8b 57 38 48 8b d8 4c
0x00007ffbadb4be91:   8b 08 41 ff 91 f8 02 00 00 48 8b f0 48 85 c0 0f
0x00007ffbadb4bea1:   84 4a 01 00 00 4c 8b 0b 48 8b d0 4c 8b 05 d5 a4
0x00007ffbadb4beb1:   06 00 48 8b cb 41 ff 91 00 01 00 00 84 c0 0f 84
0x00007ffbadb4bec1:   2b 01 00 00 48 8b 7f 08 48 8b d6 48 8b 03 48 8b
0x00007ffbadb4bed1:   cb 4c 8b 05 c7 a4 06 00 48 81 c7 00 04 00 00 48
0x00007ffbadb4bee1:   89 6c 24 60 4c 89 64 24 38 ff 90 f8 02 00 00 4c
0x00007ffbadb4bef1:   8b 0b 48 8b d6 4c 8b 05 ab a4 06 00 48 8b cb 4c 


Stack slot to memory mapping:

stack at sp + 0 slots: 0x00007ffbadba9838 awt.dll
stack at sp + 1 slots: 0x000000007e010e7c is an unknown value
stack at sp + 2 slots: 0x0 is null
stack at sp + 3 slots: 0x0 is null
stack at sp + 4 slots: 0x0 is null
stack at sp + 5 slots: 0x00007ffbadb0783c awt.dll
stack at sp + 6 slots: 0x000000007e010e7c is an unknown value
stack at sp + 7 slots: 0x000002374567b870 points into unknown readable memory: 0x00007ffbadb7c860 | 60 c8 b7 ad fb 7f 00 00

Lock stack of current Java thread (top to bottom):

native method entry point (kind = native)  [0x000002375d22cde0, 0x000002375d22d938]  2904 bytes
[MachCode]
  0x000002375d22cde0: 488b 4b08 | 0fb7 492e | 584c 8d74 | ccf8 6800 | 0000 0068 | 0000 0000 | 5055 488b | ec41 5568 
  0x000002375d22ce00: 0000 0000 | 4c8b 6b08 | 4d8d 6d38 | 5348 8b53 | 0848 8b52 | 0848 8b52 | 1848 8b52 | 7048 8b12 
  0x000002375d22ce20: 5248 8b53 | 1048 85d2 | 0f84 0700 | 0000 4881 | c210 0100 | 0052 488b | 5308 488b | 5208 488b 
  0x000002375d22ce40: 5210 5249 | 8bc6 482b | c548 c1e8 | 0350 6800 | 0000 0068 | f7ff ffff | 41c6 8771 | 0400 0001 
  0x000002375d22ce60: 488b 4310 | 4885 c074 | 208b 88cc | 0000 0083 | c102 8988 | cc00 0000 | 2388 e000 | 0000 0f84 
  0x000002375d22ce80: 000a 0000 | e9cf 0000 | 0048 8b43 | 1848 85c0 | 0f85 b000 | 0000 e805 | 0000 00e9 | 9900 0000 
  0x000002375d22cea0: 488b d348 | 8d44 2408 | 4c89 6dc0 | 498b cfc5 | f877 4989 | afb0 0300 | 0049 8987 | a003 0000 
  0x000002375d22cec0: 4883 ec20 | 40f6 c40f | 0f84 1900 | 0000 4883 | ec08 48b8 | 9026 1e0c | fb7f 0000 | ffd0 4883 
  0x000002375d22cee0: c408 e90c | 0000 0048 | b890 261e | 0cfb 7f00 | 00ff d048 | 83c4 2049 | c787 a003 | 0000 0000 
  0x000002375d22cf00: 0000 49c7 | 87b0 0300 | 0000 0000 | 0049 c787 | a803 0000 | 0000 0000 | c5f8 7749 | 837f 0800 
  0x000002375d22cf20: 0f84 0500 | 0000 e995 | 3fff ff4c | 8b6d c04c | 8b75 c84e | 8d74 f500 | c348 8b43 | 1848 85c0 
  0x000002375d22cf40: 0f84 1200 | 0000 8b48 | 0883 c102 | 8948 0823 | 481c 0f84 | 2c09 0000 | 493b a7e8 | 0400 000f 
  0x000002375d22cf60: 8748 0000 | 0089 8424 | 00f0 ffff | 8984 2400 | e0ff ff89 | 8424 00d0 | ffff 8984 | 2400 c0ff 
  0x000002375d22cf80: ff89 8424 | 00b0 ffff | 8984 2400 | a0ff ff89 | 8424 0090 | ffff 8984 | 2400 80ff | ff49 3ba7 
  0x000002375d22cfa0: e004 0000 | 7607 4989 | a7e8 0400 | 0041 c687 | 7104 0000 | 0049 ba41 | ada5 0cfb | 7f00 0041 
  0x000002375d22cfc0: 803a 000f | 843e 0000 | 0048 8b55 | e849 8bcf | 4883 ec20 | 40f6 c40f | 0f84 1900 | 0000 4883 
  0x000002375d22cfe0: ec08 48b8 | 10ee 550c | fb7f 0000 | ffd0 4883 | c408 e90c | 0000 0048 | b810 ee55 | 0cfb 7f00 
  0x000002375d22d000: 00ff d048 | 83c4 2048 | 8b5d e84c | 8b5b 0845 | 0fb7 5b2e | 41c1 e303 | 492b e348 | 83ec 2048 
  0x000002375d22d020: 83e4 f04c | 8b5b 604d | 85db 0f85 | ab00 0000 | e805 0000 | 00e9 9900 | 0000 488b | d348 8d44 
  0x000002375d22d040: 2408 4c89 | 6dc0 498b | cfc5 f877 | 4989 afb0 | 0300 0049 | 8987 a003 | 0000 4883 | ec20 40f6 
  0x000002375d22d060: c40f 0f84 | 1900 0000 | 4883 ec08 | 48b8 f04d | 1e0c fb7f | 0000 ffd0 | 4883 c408 | e90c 0000 
  0x000002375d22d080: 0048 b8f0 | 4d1e 0cfb | 7f00 00ff | d048 83c4 | 2049 c787 | a003 0000 | 0000 0000 | 49c7 87b0 
  0x000002375d22d0a0: 0300 0000 | 0000 0049 | c787 a803 | 0000 0000 | 0000 c5f8 | 7749 837f | 0800 0f84 | 0500 0000 
  0x000002375d22d0c0: e9fb 3dff | ff4c 8b6d | c04c 8b75 | c84e 8d74 | f500 c348 | 8b5d e84c | 8b5b 6041 | ffd3 488b 
  0x000002375d22d0e0: 5de8 4889 | 4518 448b | 5b28 41f6 | c308 0f84 | 1b00 0000 | 4c8b 5b08 | 4d8b 5b08 | 4d8b 5b18 
  0x000002375d22d100: 4d8b 5b70 | 4d8b 1b4c | 895d 1048 | 8d55 1048 | 8b43 5849 | ba60 3c56 | 0cfb 7f00 | 0049 3bc2 
  0x000002375d22d120: 0f85 ab00 | 0000 e805 | 0000 00e9 | 9900 0000 | 488b d348 | 8d44 2408 | 4c89 6dc0 | 498b cfc5 
  0x000002375d22d140: f877 4989 | afb0 0300 | 0049 8987 | a003 0000 | 4883 ec20 | 40f6 c40f | 0f84 1900 | 0000 4883 
  0x000002375d22d160: ec08 48b8 | f04d 1e0c | fb7f 0000 | ffd0 4883 | c408 e90c | 0000 0048 | b8f0 4d1e | 0cfb 7f00 
  0x000002375d22d180: 00ff d048 | 83c4 2049 | c787 a003 | 0000 0000 | 0000 49c7 | 87b0 0300 | 0000 0000 | 0049 c787 
  0x000002375d22d1a0: a803 0000 | 0000 0000 | c5f8 7749 | 837f 0800 | 0f84 0500 | 0000 e905 | 3dff ff4c | 8b6d c04c 
  0x000002375d22d1c0: 8b75 c84e | 8d74 f500 | c348 8b5d | e848 8b43 | 5849 8d8f | c003 0000 | c5f8 7749 | 89af b003 
  0x000002375d22d1e0: 0000 49ba | d8d1 225d | 3702 0000 | 4d89 97a8 | 0300 0049 | 89a7 a003 | 0000 41c7 | 8744 0400 
  0x000002375d22d200: 0004 0000 | 00ff d0c5 | f877 4883 | ec10 c5fb | 1104 2448 | 83ec 1048 | 8904 2448 | c744 2408 
  0x000002375d22d220: 0000 0000 | 41c7 8744 | 0400 0005 | 0000 00f0 | 8344 24c0 | 0049 3baf | 4804 0000 | 0f87 0e00 
  0x000002375d22d240: 0000 4183 | bf40 0400 | 0000 0f84 | 2000 0000 | 498b cf4c | 8be4 4883 | ec20 4883 | e4f0 48b8 
  0x000002375d22d260: 90a9 1f0c | fb7f 0000 | ffd0 498b | e44d 33e4 | 41c7 8744 | 0400 0008 | 0000 0049 | c787 a003 
  0x000002375d22d280: 0000 0000 | 0000 49c7 | 87b0 0300 | 0000 0000 | 0049 c787 | a803 0000 | 0000 0000 | c5f8 774d 
  0x000002375d22d2a0: 8b9f 3004 | 0000 41c7 | 8300 0100 | 0000 0000 | 0049 bbda | a522 5d37 | 0200 004c | 3b5d 180f 
  0x000002375d22d2c0: 8524 0200 | 0048 8b04 | 2448 83c4 | 1048 85c0 | 0f84 fe01 | 0000 a803 | 0f85 0800 | 0000 488b 
  0x000002375d22d2e0: 00e9 ee01 | 0000 a801 | 0f85 0900 | 0000 488b | 40fe e9dd | 0100 0048 | 8b40 ff41 | 807f 3800 
  0x000002375d22d300: 0f84 ce01 | 0000 4883 | f800 0f84 | c401 0000 | 4d8b 5f28 | 4983 fb00 | 0f84 1400 | 0000 4983 
  0x000002375d22d320: eb08 4d89 | 5f28 4d03 | 5f30 4989 | 03e9 a201 | 0000 4881 | ecd0 0000 | 0048 8904 | 2448 894c 
  0x000002375d22d340: 2408 4889 | 5424 1048 | 8974 2418 | 4889 7c24 | 204c 8944 | 2428 4c89 | 4c24 304c | 8954 2438 
  0x000002375d22d360: 4c89 5c24 | 40c5 fb11 | 4424 50c5 | fb11 4c24 | 58c5 fb11 | 5424 60c5 | fb11 5c24 | 68c5 fb11 
  0x000002375d22d380: 6424 70c5 | fb11 6c24 | 78c5 fb11 | b424 8000 | 0000 c5fb | 11bc 2488 | 0000 00c5 | 7b11 8424 
  0x000002375d22d3a0: 9000 0000 | c57b 118c | 2498 0000 | 00c5 7b11 | 9424 a000 | 0000 c57b | 119c 24a8 | 0000 00c5 
  0x000002375d22d3c0: 7b11 a424 | b000 0000 | c57b 11ac | 24b8 0000 | 00c5 7b11 | b424 c000 | 0000 c57b | 11bc 24c8 
  0x000002375d22d3e0: 0000 0049 | 8bd7 488b | c848 83ec | 2040 f6c4 | 0f0f 8419 | 0000 0048 | 83ec 0848 | b8e0 0713 
  0x000002375d22d400: 0cfb 7f00 | 00ff d048 | 83c4 08e9 | 0c00 0000 | 48b8 e007 | 130c fb7f | 0000 ffd0 | 4883 c420 
  0x000002375d22d420: c57b 10bc | 24c8 0000 | 00c5 7b10 | b424 c000 | 0000 c57b | 10ac 24b8 | 0000 00c5 | 7b10 a424 
  0x000002375d22d440: b000 0000 | c57b 109c | 24a8 0000 | 00c5 7b10 | 9424 a000 | 0000 c57b | 108c 2498 | 0000 00c5 
  0x000002375d22d460: 7b10 8424 | 9000 0000 | c5fb 10bc | 2488 0000 | 00c5 fb10 | b424 8000 | 0000 c5fb | 106c 2478 
  0x000002375d22d480: c5fb 1064 | 2470 c5fb | 105c 2468 | c5fb 1054 | 2460 c5fb | 104c 2458 | c5fb 1044 | 2450 4c8b 
  0x000002375d22d4a0: 5c24 404c | 8b54 2438 | 4c8b 4c24 | 304c 8b44 | 2428 488b | 7c24 2048 | 8b74 2418 | 488b 5424 
  0x000002375d22d4c0: 1048 8b4c | 2408 488b | 0424 4881 | c4d0 0000 | 00c5 f877 | 4889 4510 | 4883 ec10 | 4889 0424 
  0x000002375d22d4e0: 48c7 4424 | 0800 0000 | 0041 83bf | c804 0000 | 020f 85bf | 0000 0048 | 81ec 8000 | 0000 4889 
  0x000002375d22d500: 4424 7848 | 894c 2470 | 4889 5424 | 6848 895c | 2460 4889 | 6c24 5048 | 8974 2448 | 4889 7c24 
  0x000002375d22d520: 404c 8944 | 2438 4c89 | 4c24 304c | 8954 2428 | 4c89 5c24 | 204c 8964 | 2418 4c89 | 6c24 104c 
  0x000002375d22d540: 8974 2408 | 4c89 3c24 | 4c8b e448 | 83ec 2048 | 83e4 f048 | b8c0 2256 | 0cfb 7f00 | 00ff d049 
  0x000002375d22d560: 8be4 4c8b | 3c24 4c8b | 7424 084c | 8b6c 2410 | 4c8b 6424 | 184c 8b5c | 2420 4c8b | 5424 284c 
  0x000002375d22d580: 8b4c 2430 | 4c8b 4424 | 3848 8b7c | 2440 488b | 7424 4848 | 8b6c 2450 | 488b 5c24 | 6048 8b54 
  0x000002375d22d5a0: 2468 488b | 4c24 7048 | 8b44 2478 | 4881 c480 | 0000 004d | 33e4 488b | 5de8 4c8b | 6b08 4d8d 
  0x000002375d22d5c0: 6d38 4983 | 7f08 000f | 84bb 0000 | 00e8 0500 | 0000 e996 | 0000 0048 | 8d44 2408 | 4c89 6dc0 
  0x000002375d22d5e0: 498b cfc5 | f877 4989 | afb0 0300 | 0049 8987 | a003 0000 | 4883 ec20 | 40f6 c40f | 0f84 1900 
  0x000002375d22d600: 0000 4883 | ec08 48b8 | 006c 1e0c | fb7f 0000 | ffd0 4883 | c408 e90c | 0000 0048 | b800 6c1e 
  0x000002375d22d620: 0cfb 7f00 | 00ff d048 | 83c4 2049 | c787 a003 | 0000 0000 | 0000 49c7 | 87b0 0300 | 0000 0000 
  0x000002375d22d640: 0049 c787 | a803 0000 | 0000 0000 | c5f8 7749 | 837f 0800 | 0f84 0500 | 0000 e961 | 38ff ff4c 
  0x000002375d22d660: 8b6d c04c | 8b75 c84e | 8d74 f500 | c348 b940 | d57d 0cfb | 7f00 0048 | 83e4 f048 | b870 4a44 
  0x000002375d22d680: 0cfb 7f00 | 00ff d0f4 | 448b 5b28 | 41f6 c320 | 0f84 7901 | 0000 488d | 55a8 4c8b | 5a08 4d85 
  0x000002375d22d6a0: db0f 85bb | 0000 00e8 | 0500 0000 | e996 0000 | 0048 8d44 | 2408 4c89 | 6dc0 498b | cfc5 f877 
  0x000002375d22d6c0: 4989 afb0 | 0300 0049 | 8987 a003 | 0000 4883 | ec20 40f6 | c40f 0f84 | 1900 0000 | 4883 ec08 
  0x000002375d22d6e0: 48b8 306b | 1e0c fb7f | 0000 ffd0 | 4883 c408 | e90c 0000 | 0048 b830 | 6b1e 0cfb | 7f00 00ff 
  0x000002375d22d700: d048 83c4 | 2049 c787 | a003 0000 | 0000 0000 | 49c7 87b0 | 0300 0000 | 0000 0049 | c787 a803 
  0x000002375d22d720: 0000 0000 | 0000 c5f8 | 7749 837f | 0800 0f84 | 0500 0000 | e987 37ff | ff4c 8b6d | c04c 8b75 
  0x000002375d22d740: c84e 8d74 | f500 c348 | b940 d57d | 0cfb 7f00 | 0048 83e4 | f048 b870 | 4a44 0cfb | 7f00 00ff 
  0x000002375d22d760: d0f4 4c89 | 6dc0 4c8b | 4a08 48c7 | 4208 0000 | 0000 458b | 8718 0600 | 004f 3b4c | 07f8 0f85 
  0x000002375d22d780: 4900 0000 | 4183 af18 | 0600 0008 | 4f3b 4c07 | f00f 842a | 0000 0049 | 8b01 a802 | 0f85 1200 
  0x000002375d22d7a0: 0000 4c8b | c049 83c8 | 01f0 4d0f | b101 0f84 | 0d00 0000 | 4183 8718 | 0600 0008 | e90c 0000 
  0x000002375d22d7c0: 0049 ff8f | 5005 0000 | e93e 0000 | 004c 894a | 0848 8bca | 4883 ec20 | 40f6 c40f | 0f84 1900 
  0x000002375d22d7e0: 0000 4883 | ec08 48b8 | f03d 1e0c | fb7f 0000 | ffd0 4883 | c408 e90c | 0000 0048 | b8f0 3d1e 
  0x000002375d22d800: 0cfb 7f00 | 00ff d048 | 83c4 204c | 8b6d c049 | ba41 ada5 | 0cfb 7f00 | 0041 803a | 000f 843e 
  0x000002375d22d820: 0000 0048 | 8b55 e849 | 8bcf 4883 | ec20 40f6 | c40f 0f84 | 1900 0000 | 4883 ec08 | 48b8 10ee 
  0x000002375d22d840: 550c fb7f | 0000 ffd0 | 4883 c408 | e90c 0000 | 0048 b810 | ee55 0cfb | 7f00 00ff | d048 83c4 
  0x000002375d22d860: 2048 8b04 | 2448 83c4 | 10c5 fb10 | 0424 4883 | c410 4c8b | 5d18 41ff | d34c 8b5d | f8c9 5f49 
  0x000002375d22d880: 8be3 ffe7 | ba00 0000 | 00e8 0500 | 0000 e996 | 0000 0048 | 8d44 2408 | 4c89 6dc0 | 498b cfc5 
  0x000002375d22d8a0: f877 4989 | afb0 0300 | 0049 8987 | a003 0000 | 4883 ec20 | 40f6 c40f | 0f84 1900 | 0000 4883 
  0x000002375d22d8c0: ec08 48b8 | a031 1e0c | fb7f 0000 | ffd0 4883 | c408 e90c | 0000 0048 | b8a0 311e | 0cfb 7f00 
  0x000002375d22d8e0: 00ff d048 | 83c4 2049 | c787 a003 | 0000 0000 | 0000 49c7 | 87b0 0300 | 0000 0000 | 0049 c787 
  0x000002375d22d900: a803 0000 | 0000 0000 | c5f8 7749 | 837f 0800 | 0f84 0500 | 0000 e9a5 | 35ff ff4c | 8b6d c04c 
  0x000002375d22d920: 8b75 c84e | 8d74 f500 | c348 8b5d | e8e9 26f6 | ffff 660f | 1f44 0000 
[/MachCode]

---------------  P R O C E S S  ---------------

Threads class SMR info:
_java_thread_list=0x000002374d678140, length=25, elements={
0x000002376c632550, 0x000002376c633ed0, 0x000002376c639fe0, 0x000002376c63ba50,
0x000002376c63d9e0, 0x000002376c63f290, 0x000002376c640b60, 0x000002376c652b90,
0x00000237450ac880, 0x00000237451ea1a0, 0x00000237451ea810, 0x0000023745315440,
0x0000023745316810, 0x0000023745317e80, 0x0000023745323ba0, 0x000002374b1d5120,
0x00000237455d6360, 0x00000237456be540, 0x00000237456bf6b0, 0x00000237456bfd40,
0x0000023747f53620, 0x0000023747f52f90, 0x0000023747f549d0, 0x0000023747f57e50,
0x0000023747f58b70
}

Java Threads: ( => current thread )
  0x000002376c632550 JavaThread "Reference Handler"          daemon [_thread_blocked, id=19472, stack(0x000000449a000000,0x000000449a100000) (1024K)]
  0x000002376c633ed0 JavaThread "Finalizer"                  daemon [_thread_blocked, id=15908, stack(0x000000449a100000,0x000000449a200000) (1024K)]
  0x000002376c639fe0 JavaThread "Signal Dispatcher"          daemon [_thread_blocked, id=20880, stack(0x000000449a200000,0x000000449a300000) (1024K)]
  0x000002376c63ba50 JavaThread "Attach Listener"            daemon [_thread_blocked, id=1152, stack(0x000000449a300000,0x000000449a400000) (1024K)]
  0x000002376c63d9e0 JavaThread "Service Thread"             daemon [_thread_blocked, id=15912, stack(0x000000449a400000,0x000000449a500000) (1024K)]
  0x000002376c63f290 JavaThread "Monitor Deflation Thread"   daemon [_thread_blocked, id=16724, stack(0x000000449a500000,0x000000449a600000) (1024K)]
  0x000002376c640b60 JavaThread "C2 CompilerThread0"         daemon [_thread_blocked, id=16060, stack(0x000000449a600000,0x000000449a700000) (1024K)]
  0x000002376c652b90 JavaThread "C1 CompilerThread0"         daemon [_thread_blocked, id=16728, stack(0x000000449a700000,0x000000449a800000) (1024K)]
  0x00000237450ac880 JavaThread "Common-Cleaner"             daemon [_thread_blocked, id=18520, stack(0x000000449a800000,0x000000449a900000) (1024K)]
  0x00000237451ea1a0 JavaThread "Monitor Ctrl-Break"         daemon [_thread_in_native, id=4352, stack(0x000000449a900000,0x000000449aa00000) (1024K)]
  0x00000237451ea810 JavaThread "Notification Thread"        daemon [_thread_blocked, id=6148, stack(0x000000449aa00000,0x000000449ab00000) (1024K)]
  0x0000023745315440 JavaThread "Java2D Disposer"            daemon [_thread_blocked, id=7564, stack(0x000000449ab00000,0x000000449ac00000) (1024K)]
  0x0000023745316810 JavaThread "AWT-Shutdown"                      [_thread_blocked, id=15088, stack(0x000000449ac00000,0x000000449ad00000) (1024K)]
=>0x0000023745317e80 JavaThread "AWT-Windows"                daemon [_thread_in_native, id=20164, stack(0x000000449ad00000,0x000000449ae00000) (1024K)]
  0x0000023745323ba0 JavaThread "AWT-EventQueue-0"                  [_thread_in_native, id=10196, stack(0x000000449ae00000,0x000000449af00000) (1024K)]
  0x000002374b1d5120 JavaThread "DestroyJavaVM"                     [_thread_blocked, id=7356, stack(0x0000004499800000,0x0000004499900000) (1024K)]
  0x00000237455d6360 JavaThread "TimerQueue"                 daemon [_thread_blocked, id=20036, stack(0x000000449b000000,0x000000449b100000) (1024K)]
  0x00000237456be540 JavaThread "Java Sound Event Dispatcher" daemon [_thread_blocked, id=18360, stack(0x000000449b300000,0x000000449b400000) (1024K)]
  0x00000237456bf6b0 JavaThread "Image Animator 1"           daemon [_thread_blocked, id=6996, stack(0x000000449b400000,0x000000449b500000) (1024K)]
  0x00000237456bfd40 JavaThread "Image Animator 2"           daemon [_thread_blocked, id=3572, stack(0x000000449b600000,0x000000449b700000) (1024K)]
  0x0000023747f53620 JavaThread "Image Fetcher 1"            daemon [_thread_blocked, id=19904, stack(0x000000449be00000,0x000000449bf00000) (1024K)]
  0x0000023747f52f90 JavaThread "Image Fetcher 3"            daemon [_thread_blocked, id=16676, stack(0x000000449c700000,0x000000449c800000) (1024K)]
  0x0000023747f549d0 JavaThread "Image Fetcher 2"            daemon [_thread_blocked, id=16996, stack(0x0000004499500000,0x0000004499600000) (1024K)]
  0x0000023747f57e50 JavaThread "Image Animator 3"           daemon [_thread_blocked, id=22416, stack(0x000000449c500000,0x000000449c600000) (1024K)]
  0x0000023747f58b70 JavaThread "Direct Clip"                daemon [_thread_blocked, id=11288, stack(0x000000449b900000,0x000000449ba00000) (1024K)]
Total: 25

Other Threads:
  0x000002376c617de0 VMThread "VM Thread"                           [id=20592, stack(0x0000004499f00000,0x000000449a000000) (1024K)]
  0x000002376c605e70 WatcherThread "VM Periodic Task Thread"        [id=15740, stack(0x0000004499e00000,0x0000004499f00000) (1024K)]
  0x000002374d624890 WorkerThread "GC Thread#0"                     [id=19920, stack(0x0000004499900000,0x0000004499a00000) (1024K)]
  0x00000237459e5d20 WorkerThread "GC Thread#1"                     [id=20804, stack(0x000000449bf00000,0x000000449c000000) (1024K)]
  0x00000237459e60d0 WorkerThread "GC Thread#2"                     [id=15820, stack(0x000000449c000000,0x000000449c100000) (1024K)]
  0x0000023745945f40 WorkerThread "GC Thread#3"                     [id=19596, stack(0x000000449c100000,0x000000449c200000) (1024K)]
  0x00000237458a8c30 WorkerThread "GC Thread#4"                     [id=13404, stack(0x000000449c200000,0x000000449c300000) (1024K)]
  0x00000237458a8fe0 WorkerThread "GC Thread#5"                     [id=19452, stack(0x000000449c300000,0x000000449c400000) (1024K)]
  0x000002374d639510 ConcurrentGCThread "G1 Main Marker"            [id=1636, stack(0x0000004499a00000,0x0000004499b00000) (1024K)]
  0x000002374d63a020 WorkerThread "G1 Conc#0"                       [id=11148, stack(0x0000004499b00000,0x0000004499c00000) (1024K)]
  0x00000237479abf50 WorkerThread "G1 Conc#1"                       [id=5104, stack(0x000000449c400000,0x000000449c500000) (1024K)]
  0x000002376c4d3570 ConcurrentGCThread "G1 Refine#0"               [id=5424, stack(0x0000004499c00000,0x0000004499d00000) (1024K)]
  0x000002376c4d3d00 ConcurrentGCThread "G1 Service"                [id=21320, stack(0x0000004499d00000,0x0000004499e00000) (1024K)]
Total: 13

Threads with active compile tasks:
Total: 0

VM state: not at safepoint (normal execution)

VM Mutex/Monitor currently owned by a thread: None

Heap address: 0x0000000703600000, size: 4042 MB, Compressed Oops mode: Zero based, Oop shift amount: 3

CDS archive(s) mapped at: [0x0000023700000000-0x0000023700d70000-0x0000023700d70000), size 14090240, SharedBaseAddress: 0x0000023700000000, ArchiveRelocationMode: 1.
Compressed class space mapped at: 0x0000023701000000-0x0000023741000000, reserved size: 1073741824
Narrow klass base: 0x0000023700000000, Narrow klass shift: 0, Narrow klass range: 0x41000000

GC Precious Log:
 CardTable entry size: 512
 Card Set container configuration: InlinePtr #cards 4 size 8 Array Of Cards #cards 16 size 48 Howl #buckets 8 coarsen threshold 3686 Howl Bitmap #cards 512 size 80 coarsen threshold 460 Card regions per heap region 1 cards per card region 4096
 CPUs: 6 total, 6 available
 Memory: 16165M
 Large Page Support: Disabled
 NUMA Support: Disabled
 Compressed Oops: Enabled (Zero based)
 Heap Region Size: 2M
 Heap Min Capacity: 8M
 Heap Initial Capacity: 254M
 Heap Max Capacity: 4042M
 Pre-touch: Disabled
 Parallel Workers: 6
 Concurrent Workers: 2
 Concurrent Refinement Workers: 6
 Periodic GC: Disabled

Heap:
 garbage-first heap   total reserved 4139008K, committed 368640K, used 315912K [0x0000000703600000, 0x0000000800000000)
  region size 2048K, 44 young (90112K), 1 survivors (2048K)
 Metaspace       used 11629K, committed 11840K, reserved 1114112K
  class space    used 1261K, committed 1344K, reserved 1048576K

Heap Regions: E=young(eden), S=young(survivor), O=old, HS=humongous(starts), HC=humongous(continues), CS=collection set, F=free, TAMS=top-at-mark-start, PB=parsable bottom
|   0|0x0000000703600000, 0x0000000703800000, 0x0000000703800000|100%| O|  |TAMS 0x0000000703600000| PB 0x0000000703600000| Untracked |  0
|   1|0x0000000703800000, 0x0000000703a00000, 0x0000000703a00000|100%|HS|  |TAMS 0x0000000703800000| PB 0x0000000703800000| Complete |  0
|   2|0x0000000703a00000, 0x0000000703c00000, 0x0000000703c00000|100%| O|  |TAMS 0x0000000703a00000| PB 0x0000000703a00000| Untracked |  0
|   3|0x0000000703c00000, 0x0000000703e00000, 0x0000000703e00000|100%| O|  |TAMS 0x0000000703c00000| PB 0x0000000703c00000| Untracked |  0
|   4|0x0000000703e00000, 0x0000000704000000, 0x0000000704000000|100%|HS|  |TAMS 0x0000000703e00000| PB 0x0000000703e00000| Complete |  0
|   5|0x0000000704000000, 0x0000000704200000, 0x0000000704200000|100%|HC|  |TAMS 0x0000000704000000| PB 0x0000000704000000| Complete |  0
|   6|0x0000000704200000, 0x0000000704400000, 0x0000000704400000|100%|HC|  |TAMS 0x0000000704200000| PB 0x0000000704200000| Complete |  0
|   7|0x0000000704400000, 0x0000000704600000, 0x0000000704600000|100%|HC|  |TAMS 0x0000000704400000| PB 0x0000000704400000| Complete |  0
|   8|0x0000000704600000, 0x0000000704800000, 0x0000000704800000|100%|HS|  |TAMS 0x0000000704600000| PB 0x0000000704600000| Complete |  0
|   9|0x0000000704800000, 0x0000000704a00000, 0x0000000704a00000|100%|HS|  |TAMS 0x0000000704800000| PB 0x0000000704800000| Complete |  0
|  10|0x0000000704a00000, 0x0000000704c00000, 0x0000000704c00000|100%|HC|  |TAMS 0x0000000704a00000| PB 0x0000000704a00000| Complete |  0
|  11|0x0000000704c00000, 0x0000000704e00000, 0x0000000704e00000|100%|HC|  |TAMS 0x0000000704c00000| PB 0x0000000704c00000| Complete |  0
|  12|0x0000000704e00000, 0x0000000705000000, 0x0000000705000000|100%|HC|  |TAMS 0x0000000704e00000| PB 0x0000000704e00000| Complete |  0
|  13|0x0000000705000000, 0x0000000705200000, 0x0000000705200000|100%|HS|  |TAMS 0x0000000705000000| PB 0x0000000705000000| Complete |  0
|  14|0x0000000705200000, 0x0000000705400000, 0x0000000705400000|100%| O|  |TAMS 0x0000000705200000| PB 0x0000000705200000| Untracked |  0
|  15|0x0000000705400000, 0x0000000705600000, 0x0000000705600000|100%|HS|  |TAMS 0x0000000705400000| PB 0x0000000705400000| Complete |  0
|  16|0x0000000705600000, 0x0000000705800000, 0x0000000705800000|100%| O|  |TAMS 0x0000000705600000| PB 0x0000000705600000| Untracked |  0
|  17|0x0000000705800000, 0x0000000705a00000, 0x0000000705a00000|100%|HS|  |TAMS 0x0000000705800000| PB 0x0000000705800000| Complete |  0
|  18|0x0000000705a00000, 0x0000000705c00000, 0x0000000705c00000|100%| O|  |TAMS 0x0000000705a00000| PB 0x0000000705a00000| Untracked |  0
|  19|0x0000000705c00000, 0x0000000705e00000, 0x0000000705e00000|100%| O|  |TAMS 0x0000000705c00000| PB 0x0000000705c00000| Untracked |  0
|  20|0x0000000705e00000, 0x0000000706000000, 0x0000000706000000|100%| O|  |TAMS 0x0000000705e00000| PB 0x0000000705e00000| Untracked |  0
|  21|0x0000000706000000, 0x0000000706200000, 0x0000000706200000|100%|HS|  |TAMS 0x0000000706000000| PB 0x0000000706000000| Complete |  0
|  22|0x0000000706200000, 0x0000000706400000, 0x0000000706400000|100%| O|  |TAMS 0x0000000706200000| PB 0x0000000706200000| Untracked |  0
|  23|0x0000000706400000, 0x0000000706600000, 0x0000000706600000|100%| O|  |TAMS 0x0000000706400000| PB 0x0000000706400000| Untracked |  0
|  24|0x0000000706600000, 0x0000000706800000, 0x0000000706800000|100%| O|  |TAMS 0x0000000706600000| PB 0x0000000706600000| Untracked |  0
|  25|0x0000000706800000, 0x0000000706a00000, 0x0000000706a00000|100%|HS|  |TAMS 0x0000000706800000| PB 0x0000000706800000| Complete |  0
|  26|0x0000000706a00000, 0x0000000706c00000, 0x0000000706c00000|100%|HC|  |TAMS 0x0000000706a00000| PB 0x0000000706a00000| Complete |  0
|  27|0x0000000706c00000, 0x0000000706e00000, 0x0000000706e00000|100%|HC|  |TAMS 0x0000000706c00000| PB 0x0000000706c00000| Complete |  0
|  28|0x0000000706e00000, 0x0000000707000000, 0x0000000707000000|100%|HC|  |TAMS 0x0000000706e00000| PB 0x0000000706e00000| Complete |  0
|  29|0x0000000707000000, 0x0000000707200000, 0x0000000707200000|100%|HS|  |TAMS 0x0000000707000000| PB 0x0000000707000000| Complete |  0
|  30|0x0000000707200000, 0x0000000707400000, 0x0000000707400000|100%|HS|  |TAMS 0x0000000707200000| PB 0x0000000707200000| Complete |  0
|  31|0x0000000707400000, 0x0000000707600000, 0x0000000707600000|100%|HC|  |TAMS 0x0000000707400000| PB 0x0000000707400000| Complete |  0
|  32|0x0000000707600000, 0x0000000707800000, 0x0000000707800000|100%|HC|  |TAMS 0x0000000707600000| PB 0x0000000707600000| Complete |  0
|  33|0x0000000707800000, 0x0000000707a00000, 0x0000000707a00000|100%|HC|  |TAMS 0x0000000707800000| PB 0x0000000707800000| Complete |  0
|  34|0x0000000707a00000, 0x0000000707c00000, 0x0000000707c00000|100%|HS|  |TAMS 0x0000000707a00000| PB 0x0000000707a00000| Complete |  0
|  35|0x0000000707c00000, 0x0000000707e00000, 0x0000000707e00000|100%|HC|  |TAMS 0x0000000707c00000| PB 0x0000000707c00000| Complete |  0
|  36|0x0000000707e00000, 0x0000000708000000, 0x0000000708000000|100%|HC|  |TAMS 0x0000000707e00000| PB 0x0000000707e00000| Complete |  0
|  37|0x0000000708000000, 0x0000000708200000, 0x0000000708200000|100%|HC|  |TAMS 0x0000000708000000| PB 0x0000000708000000| Complete |  0
|  38|0x0000000708200000, 0x0000000708400000, 0x0000000708400000|100%|HS|  |TAMS 0x0000000708200000| PB 0x0000000708200000| Complete |  0
|  39|0x0000000708400000, 0x0000000708600000, 0x0000000708600000|100%|HC|  |TAMS 0x0000000708400000| PB 0x0000000708400000| Complete |  0
|  40|0x0000000708600000, 0x0000000708800000, 0x0000000708800000|100%|HC|  |TAMS 0x0000000708600000| PB 0x0000000708600000| Complete |  0
|  41|0x0000000708800000, 0x0000000708a00000, 0x0000000708a00000|100%|HC|  |TAMS 0x0000000708800000| PB 0x0000000708800000| Complete |  0
|  42|0x0000000708a00000, 0x0000000708c00000, 0x0000000708c00000|100%| O|  |TAMS 0x0000000708a00000| PB 0x0000000708a00000| Untracked |  0
|  43|0x0000000708c00000, 0x0000000708e00000, 0x0000000708e00000|100%| O|  |TAMS 0x0000000708c00000| PB 0x0000000708c00000| Untracked |  0
|  44|0x0000000708e00000, 0x0000000709000000, 0x0000000709000000|100%|HS|  |TAMS 0x0000000708e00000| PB 0x0000000708e00000| Complete |  0
|  45|0x0000000709000000, 0x0000000709200000, 0x0000000709200000|100%|HS|  |TAMS 0x0000000709000000| PB 0x0000000709000000| Complete |  0
|  46|0x0000000709200000, 0x0000000709400000, 0x0000000709400000|100%|HC|  |TAMS 0x0000000709200000| PB 0x0000000709200000| Complete |  0
|  47|0x0000000709400000, 0x0000000709600000, 0x0000000709600000|100%|HC|  |TAMS 0x0000000709400000| PB 0x0000000709400000| Complete |  0
|  48|0x0000000709600000, 0x0000000709800000, 0x0000000709800000|100%|HC|  |TAMS 0x0000000709600000| PB 0x0000000709600000| Complete |  0
|  49|0x0000000709800000, 0x0000000709a00000, 0x0000000709a00000|100%|HS|  |TAMS 0x0000000709800000| PB 0x0000000709800000| Complete |  0
|  50|0x0000000709a00000, 0x0000000709c00000, 0x0000000709c00000|100%|HS|  |TAMS 0x0000000709a00000| PB 0x0000000709a00000| Complete |  0
|  51|0x0000000709c00000, 0x0000000709e00000, 0x0000000709e00000|100%|HC|  |TAMS 0x0000000709c00000| PB 0x0000000709c00000| Complete |  0
|  52|0x0000000709e00000, 0x000000070a000000, 0x000000070a000000|100%|HC|  |TAMS 0x0000000709e00000| PB 0x0000000709e00000| Complete |  0
|  53|0x000000070a000000, 0x000000070a200000, 0x000000070a200000|100%|HC|  |TAMS 0x000000070a000000| PB 0x000000070a000000| Complete |  0
|  54|0x000000070a200000, 0x000000070a400000, 0x000000070a400000|100%|HS|  |TAMS 0x000000070a200000| PB 0x000000070a200000| Complete |  0
|  55|0x000000070a400000, 0x000000070a600000, 0x000000070a600000|100%|HC|  |TAMS 0x000000070a400000| PB 0x000000070a400000| Complete |  0
|  56|0x000000070a600000, 0x000000070a800000, 0x000000070a800000|100%|HC|  |TAMS 0x000000070a600000| PB 0x000000070a600000| Complete |  0
|  57|0x000000070a800000, 0x000000070aa00000, 0x000000070aa00000|100%|HC|  |TAMS 0x000000070a800000| PB 0x000000070a800000| Complete |  0
|  58|0x000000070aa00000, 0x000000070ac00000, 0x000000070ac00000|100%| O|Cm|TAMS 0x000000070aa00000| PB 0x000000070aa00000| Complete |  0
|  59|0x000000070ac00000, 0x000000070ae00000, 0x000000070ae00000|100%|HS|  |TAMS 0x000000070ac00000| PB 0x000000070ac00000| Complete |  0
|  60|0x000000070ae00000, 0x000000070afb0840, 0x000000070b000000| 84%| O|  |TAMS 0x000000070ae00000| PB 0x000000070ae00000| Untracked |  0
|  61|0x000000070b000000, 0x000000070b200000, 0x000000070b200000|100%|HS|  |TAMS 0x000000070b000000| PB 0x000000070b000000| Complete |  0
|  62|0x000000070b200000, 0x000000070b400000, 0x000000070b400000|100%|HS|  |TAMS 0x000000070b200000| PB 0x000000070b200000| Complete |  0
|  63|0x000000070b400000, 0x000000070b600000, 0x000000070b600000|100%|HC|  |TAMS 0x000000070b400000| PB 0x000000070b400000| Complete |  0
|  64|0x000000070b600000, 0x000000070b800000, 0x000000070b800000|100%|HS|  |TAMS 0x000000070b600000| PB 0x000000070b600000| Complete |  0
|  65|0x000000070b800000, 0x000000070ba00000, 0x000000070ba00000|100%|HC|  |TAMS 0x000000070b800000| PB 0x000000070b800000| Complete |  0
|  66|0x000000070ba00000, 0x000000070bc00000, 0x000000070bc00000|100%|HC|  |TAMS 0x000000070ba00000| PB 0x000000070ba00000| Complete |  0
|  67|0x000000070bc00000, 0x000000070be00000, 0x000000070be00000|100%|HC|  |TAMS 0x000000070bc00000| PB 0x000000070bc00000| Complete |  0
|  68|0x000000070be00000, 0x000000070c000000, 0x000000070c000000|100%|HS|  |TAMS 0x000000070be00000| PB 0x000000070be00000| Complete |  0
|  69|0x000000070c000000, 0x000000070c200000, 0x000000070c200000|100%|HC|  |TAMS 0x000000070c000000| PB 0x000000070c000000| Complete |  0
|  70|0x000000070c200000, 0x000000070c400000, 0x000000070c400000|100%|HC|  |TAMS 0x000000070c200000| PB 0x000000070c200000| Complete |  0
|  71|0x000000070c400000, 0x000000070c600000, 0x000000070c600000|100%|HC|  |TAMS 0x000000070c400000| PB 0x000000070c400000| Complete |  0
|  72|0x000000070c600000, 0x000000070c800000, 0x000000070c800000|100%|HS|  |TAMS 0x000000070c600000| PB 0x000000070c600000| Complete |  0
|  73|0x000000070c800000, 0x000000070ca00000, 0x000000070ca00000|100%|HC|  |TAMS 0x000000070c800000| PB 0x000000070c800000| Complete |  0
|  74|0x000000070ca00000, 0x000000070cc00000, 0x000000070cc00000|100%|HS|  |TAMS 0x000000070ca00000| PB 0x000000070ca00000| Complete |  0
|  75|0x000000070cc00000, 0x000000070ce00000, 0x000000070ce00000|100%|HS|  |TAMS 0x000000070cc00000| PB 0x000000070cc00000| Complete |  0
|  76|0x000000070ce00000, 0x000000070d000000, 0x000000070d000000|100%|HS|  |TAMS 0x000000070ce00000| PB 0x000000070ce00000| Complete |  0
|  77|0x000000070d000000, 0x000000070d200000, 0x000000070d200000|100%|HC|  |TAMS 0x000000070d000000| PB 0x000000070d000000| Complete |  0
|  78|0x000000070d200000, 0x000000070d400000, 0x000000070d400000|100%|HC|  |TAMS 0x000000070d200000| PB 0x000000070d200000| Complete |  0
|  79|0x000000070d400000, 0x000000070d600000, 0x000000070d600000|100%|HC|  |TAMS 0x000000070d400000| PB 0x000000070d400000| Complete |  0
|  80|0x000000070d600000, 0x000000070d800000, 0x000000070d800000|100%|HS|  |TAMS 0x000000070d600000| PB 0x000000070d600000| Complete |  0
|  81|0x000000070d800000, 0x000000070da00000, 0x000000070da00000|100%|HC|  |TAMS 0x000000070d800000| PB 0x000000070d800000| Complete |  0
|  82|0x000000070da00000, 0x000000070dc00000, 0x000000070dc00000|100%|HC|  |TAMS 0x000000070da00000| PB 0x000000070da00000| Complete |  0
|  83|0x000000070dc00000, 0x000000070de00000, 0x000000070de00000|100%|HC|  |TAMS 0x000000070dc00000| PB 0x000000070dc00000| Complete |  0
|  84|0x000000070de00000, 0x000000070e000000, 0x000000070e000000|100%|HS|  |TAMS 0x000000070de00000| PB 0x000000070de00000| Complete |  0
|  85|0x000000070e000000, 0x000000070e200000, 0x000000070e200000|100%|HC|  |TAMS 0x000000070e000000| PB 0x000000070e000000| Complete |  0
|  86|0x000000070e200000, 0x000000070e400000, 0x000000070e400000|100%|HC|  |TAMS 0x000000070e200000| PB 0x000000070e200000| Complete |  0
|  87|0x000000070e400000, 0x000000070e600000, 0x000000070e600000|100%|HC|  |TAMS 0x000000070e400000| PB 0x000000070e400000| Complete |  0
|  88|0x000000070e600000, 0x000000070e800000, 0x000000070e800000|100%|HS|  |TAMS 0x000000070e600000| PB 0x000000070e600000| Complete |  0
|  89|0x000000070e800000, 0x000000070ea00000, 0x000000070ea00000|100%|HS|  |TAMS 0x000000070e800000| PB 0x000000070e800000| Complete |  0
|  90|0x000000070ea00000, 0x000000070ec00000, 0x000000070ec00000|100%|HS|  |TAMS 0x000000070ea00000| PB 0x000000070ea00000| Complete |  0
|  91|0x000000070ec00000, 0x000000070ee00000, 0x000000070ee00000|100%|HC|  |TAMS 0x000000070ec00000| PB 0x000000070ec00000| Complete |  0
|  92|0x000000070ee00000, 0x000000070f000000, 0x000000070f000000|100%|HC|  |TAMS 0x000000070ee00000| PB 0x000000070ee00000| Complete |  0
|  93|0x000000070f000000, 0x000000070f200000, 0x000000070f200000|100%|HC|  |TAMS 0x000000070f000000| PB 0x000000070f000000| Complete |  0
|  94|0x000000070f200000, 0x000000070f400000, 0x000000070f400000|100%|HS|  |TAMS 0x000000070f200000| PB 0x000000070f200000| Complete |  0
|  95|0x000000070f400000, 0x000000070f400000, 0x000000070f600000|  0%| F|  |TAMS 0x000000070f400000| PB 0x000000070f400000| Untracked |  0
|  96|0x000000070f600000, 0x000000070f600000, 0x000000070f800000|  0%| F|  |TAMS 0x000000070f600000| PB 0x000000070f600000| Untracked |  0
|  97|0x000000070f800000, 0x000000070f800000, 0x000000070fa00000|  0%| F|  |TAMS 0x000000070f800000| PB 0x000000070f800000| Untracked |  0
|  98|0x000000070fa00000, 0x000000070fa00000, 0x000000070fc00000|  0%| F|  |TAMS 0x000000070fa00000| PB 0x000000070fa00000| Untracked |  0
|  99|0x000000070fc00000, 0x000000070fc00000, 0x000000070fe00000|  0%| F|  |TAMS 0x000000070fc00000| PB 0x000000070fc00000| Untracked |  0
| 100|0x000000070fe00000, 0x000000070fe00000, 0x0000000710000000|  0%| F|  |TAMS 0x000000070fe00000| PB 0x000000070fe00000| Untracked |  0
| 101|0x0000000710000000, 0x0000000710000000, 0x0000000710200000|  0%| F|  |TAMS 0x0000000710000000| PB 0x0000000710000000| Untracked |  0
| 102|0x0000000710200000, 0x0000000710200000, 0x0000000710400000|  0%| F|  |TAMS 0x0000000710200000| PB 0x0000000710200000| Untracked |  0
| 103|0x0000000710400000, 0x0000000710400000, 0x0000000710600000|  0%| F|  |TAMS 0x0000000710400000| PB 0x0000000710400000| Untracked |  0
| 104|0x0000000710600000, 0x0000000710600000, 0x0000000710800000|  0%| F|  |TAMS 0x0000000710600000| PB 0x0000000710600000| Untracked |  0
| 105|0x0000000710800000, 0x0000000710a00000, 0x0000000710a00000|100%|HS|  |TAMS 0x0000000710800000| PB 0x0000000710800000| Complete |  0
| 106|0x0000000710a00000, 0x0000000710c00000, 0x0000000710c00000|100%|HC|  |TAMS 0x0000000710a00000| PB 0x0000000710a00000| Complete |  0
| 107|0x0000000710c00000, 0x0000000710e00000, 0x0000000710e00000|100%|HC|  |TAMS 0x0000000710c00000| PB 0x0000000710c00000| Complete |  0
| 108|0x0000000710e00000, 0x0000000711000000, 0x0000000711000000|100%|HC|  |TAMS 0x0000000710e00000| PB 0x0000000710e00000| Complete |  0
| 109|0x0000000711000000, 0x0000000711200000, 0x0000000711200000|100%|HS|  |TAMS 0x0000000711000000| PB 0x0000000711000000| Complete |  0
| 110|0x0000000711200000, 0x0000000711400000, 0x0000000711400000|100%|HC|  |TAMS 0x0000000711200000| PB 0x0000000711200000| Complete |  0
| 111|0x0000000711400000, 0x0000000711600000, 0x0000000711600000|100%|HC|  |TAMS 0x0000000711400000| PB 0x0000000711400000| Complete |  0
| 112|0x0000000711600000, 0x0000000711800000, 0x0000000711800000|100%|HC|  |TAMS 0x0000000711600000| PB 0x0000000711600000| Complete |  0
| 113|0x0000000711800000, 0x0000000711a00000, 0x0000000711a00000|100%|HC|  |TAMS 0x0000000711800000| PB 0x0000000711800000| Complete |  0
| 114|0x0000000711a00000, 0x0000000711a00000, 0x0000000711c00000|  0%| F|  |TAMS 0x0000000711a00000| PB 0x0000000711a00000| Untracked |  0
| 115|0x0000000711c00000, 0x0000000711c00000, 0x0000000711e00000|  0%| F|  |TAMS 0x0000000711c00000| PB 0x0000000711c00000| Untracked |  0
| 116|0x0000000711e00000, 0x0000000711e00000, 0x0000000712000000|  0%| F|  |TAMS 0x0000000711e00000| PB 0x0000000711e00000| Untracked |  0
| 117|0x0000000712000000, 0x0000000712000000, 0x0000000712200000|  0%| F|  |TAMS 0x0000000712000000| PB 0x0000000712000000| Untracked |  0
| 118|0x0000000712200000, 0x0000000712200000, 0x0000000712400000|  0%| F|  |TAMS 0x0000000712200000| PB 0x0000000712200000| Untracked |  0
| 119|0x0000000712400000, 0x0000000712400000, 0x0000000712600000|  0%| F|  |TAMS 0x0000000712400000| PB 0x0000000712400000| Untracked |  0
| 120|0x0000000712600000, 0x0000000712600000, 0x0000000712800000|  0%| F|  |TAMS 0x0000000712600000| PB 0x0000000712600000| Untracked |  0
| 121|0x0000000712800000, 0x0000000712800000, 0x0000000712a00000|  0%| F|  |TAMS 0x0000000712800000| PB 0x0000000712800000| Untracked |  0
| 122|0x0000000712a00000, 0x0000000712a00000, 0x0000000712c00000|  0%| F|  |TAMS 0x0000000712a00000| PB 0x0000000712a00000| Untracked |  0
| 123|0x0000000712c00000, 0x0000000712cd1bb0, 0x0000000712e00000| 40%| S|CS|TAMS 0x0000000712c00000| PB 0x0000000712c00000| Complete |  0
| 124|0x0000000712e00000, 0x0000000712e00000, 0x0000000713000000|  0%| F|  |TAMS 0x0000000712e00000| PB 0x0000000712e00000| Untracked |  0
| 125|0x0000000713000000, 0x0000000713000000, 0x0000000713200000|  0%| F|  |TAMS 0x0000000713000000| PB 0x0000000713000000| Untracked |  0
| 126|0x0000000713200000, 0x0000000713200000, 0x0000000713400000|  0%| F|  |TAMS 0x0000000713200000| PB 0x0000000713200000| Untracked |  0
| 127|0x0000000713400000, 0x0000000713400000, 0x0000000713600000|  0%| F|  |TAMS 0x0000000713400000| PB 0x0000000713400000| Untracked |  0
| 128|0x0000000713600000, 0x00000007137fb338, 0x0000000713800000| 99%| E|  |TAMS 0x0000000713600000| PB 0x0000000713600000| Complete |  4
| 129|0x0000000713800000, 0x0000000713a00000, 0x0000000713a00000|100%| E|CS|TAMS 0x0000000713800000| PB 0x0000000713800000| Complete |  2
| 130|0x0000000713a00000, 0x0000000713c00000, 0x0000000713c00000|100%| E|CS|TAMS 0x0000000713a00000| PB 0x0000000713a00000| Complete |  2
| 131|0x0000000713c00000, 0x0000000713e00000, 0x0000000713e00000|100%| E|CS|TAMS 0x0000000713c00000| PB 0x0000000713c00000| Complete |  0
| 132|0x0000000713e00000, 0x0000000714000000, 0x0000000714000000|100%| E|CS|TAMS 0x0000000713e00000| PB 0x0000000713e00000| Complete |  2
| 133|0x0000000714000000, 0x0000000714200000, 0x0000000714200000|100%| E|CS|TAMS 0x0000000714000000| PB 0x0000000714000000| Complete |  0
| 134|0x0000000714200000, 0x0000000714400000, 0x0000000714400000|100%| E|CS|TAMS 0x0000000714200000| PB 0x0000000714200000| Complete |  0
| 135|0x0000000714400000, 0x0000000714600000, 0x0000000714600000|100%|HS|  |TAMS 0x0000000714400000| PB 0x0000000714400000| Complete |  0
| 136|0x0000000714600000, 0x0000000714800000, 0x0000000714800000|100%|HC|  |TAMS 0x0000000714600000| PB 0x0000000714600000| Complete |  0
| 137|0x0000000714800000, 0x0000000714a00000, 0x0000000714a00000|100%|HC|  |TAMS 0x0000000714800000| PB 0x0000000714800000| Complete |  0
| 138|0x0000000714a00000, 0x0000000714c00000, 0x0000000714c00000|100%|HC|  |TAMS 0x0000000714a00000| PB 0x0000000714a00000| Complete |  0
| 139|0x0000000714c00000, 0x0000000714e00000, 0x0000000714e00000|100%| E|CS|TAMS 0x0000000714c00000| PB 0x0000000714c00000| Complete |  1
| 140|0x0000000714e00000, 0x0000000715000000, 0x0000000715000000|100%| E|CS|TAMS 0x0000000714e00000| PB 0x0000000714e00000| Complete |  0
| 141|0x0000000715000000, 0x0000000715200000, 0x0000000715200000|100%| E|CS|TAMS 0x0000000715000000| PB 0x0000000715000000| Complete |  0
| 142|0x0000000715200000, 0x0000000715400000, 0x0000000715400000|100%| E|CS|TAMS 0x0000000715200000| PB 0x0000000715200000| Complete |  0
| 143|0x0000000715400000, 0x0000000715600000, 0x0000000715600000|100%| E|  |TAMS 0x0000000715400000| PB 0x0000000715400000| Complete |  0
| 144|0x0000000715600000, 0x0000000715800000, 0x0000000715800000|100%| E|CS|TAMS 0x0000000715600000| PB 0x0000000715600000| Complete |  0
| 145|0x0000000715800000, 0x0000000715a00000, 0x0000000715a00000|100%| E|CS|TAMS 0x0000000715800000| PB 0x0000000715800000| Complete |  0
| 146|0x0000000715a00000, 0x0000000715c00000, 0x0000000715c00000|100%| E|CS|TAMS 0x0000000715a00000| PB 0x0000000715a00000| Complete |  0
| 147|0x0000000715c00000, 0x0000000715e00000, 0x0000000715e00000|100%| E|CS|TAMS 0x0000000715c00000| PB 0x0000000715c00000| Complete |  0
| 148|0x0000000715e00000, 0x0000000716000000, 0x0000000716000000|100%| E|CS|TAMS 0x0000000715e00000| PB 0x0000000715e00000| Complete |  0
| 149|0x0000000716000000, 0x0000000716200000, 0x0000000716200000|100%| E|CS|TAMS 0x0000000716000000| PB 0x0000000716000000| Complete |  0
| 150|0x0000000716200000, 0x0000000716400000, 0x0000000716400000|100%| E|CS|TAMS 0x0000000716200000| PB 0x0000000716200000| Complete |  0
| 151|0x0000000716400000, 0x0000000716600000, 0x0000000716600000|100%| E|CS|TAMS 0x0000000716400000| PB 0x0000000716400000| Complete |  0
| 152|0x0000000716600000, 0x0000000716800000, 0x0000000716800000|100%| E|CS|TAMS 0x0000000716600000| PB 0x0000000716600000| Complete |  0
| 153|0x0000000716800000, 0x0000000716a00000, 0x0000000716a00000|100%| E|CS|TAMS 0x0000000716800000| PB 0x0000000716800000| Complete |  0
| 154|0x0000000716a00000, 0x0000000716c00000, 0x0000000716c00000|100%| E|CS|TAMS 0x0000000716a00000| PB 0x0000000716a00000| Complete |  0
| 155|0x0000000716c00000, 0x0000000716e00000, 0x0000000716e00000|100%| E|CS|TAMS 0x0000000716c00000| PB 0x0000000716c00000| Complete |  0
| 156|0x0000000716e00000, 0x0000000717000000, 0x0000000717000000|100%| E|CS|TAMS 0x0000000716e00000| PB 0x0000000716e00000| Complete |  0
| 157|0x0000000717000000, 0x0000000717200000, 0x0000000717200000|100%| E|CS|TAMS 0x0000000717000000| PB 0x0000000717000000| Complete |  0
| 158|0x0000000717200000, 0x0000000717400000, 0x0000000717400000|100%| E|CS|TAMS 0x0000000717200000| PB 0x0000000717200000| Complete |  0
| 159|0x0000000717400000, 0x0000000717600000, 0x0000000717600000|100%| E|CS|TAMS 0x0000000717400000| PB 0x0000000717400000| Complete |  0
| 160|0x0000000717600000, 0x0000000717800000, 0x0000000717800000|100%| E|CS|TAMS 0x0000000717600000| PB 0x0000000717600000| Complete |  0
| 161|0x0000000717800000, 0x0000000717a00000, 0x0000000717a00000|100%| E|CS|TAMS 0x0000000717800000| PB 0x0000000717800000| Complete |  0
| 162|0x0000000717a00000, 0x0000000717c00000, 0x0000000717c00000|100%| E|CS|TAMS 0x0000000717a00000| PB 0x0000000717a00000| Complete |  0
| 163|0x0000000717c00000, 0x0000000717e00000, 0x0000000717e00000|100%| E|CS|TAMS 0x0000000717c00000| PB 0x0000000717c00000| Complete |  0
| 164|0x0000000717e00000, 0x0000000718000000, 0x0000000718000000|100%| E|CS|TAMS 0x0000000717e00000| PB 0x0000000717e00000| Complete |  0
| 165|0x0000000718000000, 0x0000000718200000, 0x0000000718200000|100%| E|CS|TAMS 0x0000000718000000| PB 0x0000000718000000| Complete |  0
| 166|0x0000000718200000, 0x0000000718400000, 0x0000000718400000|100%| E|CS|TAMS 0x0000000718200000| PB 0x0000000718200000| Complete |  0
| 167|0x0000000718400000, 0x0000000718600000, 0x0000000718600000|100%| E|CS|TAMS 0x0000000718400000| PB 0x0000000718400000| Complete |  0
| 168|0x0000000718600000, 0x0000000718800000, 0x0000000718800000|100%| E|CS|TAMS 0x0000000718600000| PB 0x0000000718600000| Complete |  0
| 169|0x0000000718800000, 0x0000000718a00000, 0x0000000718a00000|100%| E|CS|TAMS 0x0000000718800000| PB 0x0000000718800000| Complete |  0
| 170|0x0000000718a00000, 0x0000000718c00000, 0x0000000718c00000|100%|HS|  |TAMS 0x0000000718a00000| PB 0x0000000718a00000| Complete |  0
| 171|0x0000000718c00000, 0x0000000718e00000, 0x0000000718e00000|100%|HC|  |TAMS 0x0000000718c00000| PB 0x0000000718c00000| Complete |  0
| 172|0x0000000718e00000, 0x0000000719000000, 0x0000000719000000|100%|HC|  |TAMS 0x0000000718e00000| PB 0x0000000718e00000| Complete |  0
| 173|0x0000000719000000, 0x0000000719200000, 0x0000000719200000|100%|HC|  |TAMS 0x0000000719000000| PB 0x0000000719000000| Complete |  0
| 174|0x0000000719200000, 0x0000000719400000, 0x0000000719400000|100%|HC|  |TAMS 0x0000000719200000| PB 0x0000000719200000| Complete |  0
|2016|0x00000007ff600000, 0x00000007ff800000, 0x00000007ff800000|100%| E|CS|TAMS 0x00000007ff600000| PB 0x00000007ff600000| Complete |  0
|2017|0x00000007ff800000, 0x00000007ffa00000, 0x00000007ffa00000|100%| E|CS|TAMS 0x00000007ff800000| PB 0x00000007ff800000| Complete |  0
|2018|0x00000007ffa00000, 0x00000007ffc00000, 0x00000007ffc00000|100%| E|CS|TAMS 0x00000007ffa00000| PB 0x00000007ffa00000| Complete |  0
|2019|0x00000007ffc00000, 0x00000007ffe00000, 0x00000007ffe00000|100%| E|CS|TAMS 0x00000007ffc00000| PB 0x00000007ffc00000| Complete |  0
|2020|0x00000007ffe00000, 0x0000000800000000, 0x0000000800000000|100%| E|CS|TAMS 0x00000007ffe00000| PB 0x00000007ffe00000| Complete |  0

Card table byte_map: [0x0000023765700000,0x0000023765ef0000] _byte_map_base: 0x0000023761ee5000

Marking Bits: (CMBitMap*) 0x000002374d624fa0
 Bits: [0x0000023765ef0000, 0x0000023769e18000)

Polling page: 0x000002374cd10000

Metaspace:

Usage:
  Non-class:     10.13 MB used.
      Class:      1.23 MB used.
       Both:     11.36 MB used.

Virtual space:
  Non-class space:       64.00 MB reserved,      10.25 MB ( 16%) committed,  1 nodes.
      Class space:        1.00 GB reserved,       1.31 MB ( <1%) committed,  1 nodes.
             Both:        1.06 GB reserved,      11.56 MB (  1%) committed. 

Chunk freelists:
   Non-Class:  5.00 MB
       Class:  14.63 MB
        Both:  19.63 MB

MaxMetaspaceSize: unlimited
CompressedClassSpaceSize: 1.00 GB
Initial GC threshold: 21.00 MB
Current GC threshold: 21.00 MB
CDS: on
 - commit_granule_bytes: 65536.
 - commit_granule_words: 8192.
 - virtual_space_node_default_size: 8388608.
 - enlarge_chunks_in_place: 1.
 - use_allocation_guard: 0.


Internal statistics:

num_allocs_failed_limit: 0.
num_arena_births: 232.
num_arena_deaths: 0.
num_vsnodes_births: 2.
num_vsnodes_deaths: 0.
num_space_committed: 185.
num_space_uncommitted: 0.
num_chunks_returned_to_freelist: 0.
num_chunks_taken_from_freelist: 323.
num_chunk_merges: 0.
num_chunk_splits: 189.
num_chunks_enlarged: 82.
num_inconsistent_stats: 0.

CodeHeap 'non-profiled nmethods': size=120064Kb used=1674Kb max_used=1680Kb free=118389Kb
 bounds [0x000002375d7b0000, 0x000002375da20000, 0x0000023764cf0000]
CodeHeap 'profiled nmethods': size=120000Kb used=3924Kb max_used=3924Kb free=116075Kb
 bounds [0x0000023755cf0000, 0x00000237560d0000, 0x000002375d220000]
CodeHeap 'non-nmethods': size=5696Kb used=1619Kb max_used=1691Kb free=4076Kb
 bounds [0x000002375d220000, 0x000002375d490000, 0x000002375d7b0000]
CodeCache: size=245760Kb, used=7217Kb, max_used=7295Kb, free=238540Kb
 total_blobs=3568, nmethods=2881, adapters=592, full_count=0
Compilation: enabled, stopped_count=0, restarted_count=0

Compilation events (20 events):
Event: 343.867 Thread 0x000002376c652b90 3594   !   3       javax.swing.TimerQueue::addTimer (67 bytes)
Event: 343.867 Thread 0x000002376c652b90 nmethod 3594 0x00000237560c1e08 code [0x00000237560c1fe0, 0x00000237560c27e0]
Event: 349.431 Thread 0x000002376c652b90 3595       3       java.util.concurrent.locks.ReentrantLock::newCondition (8 bytes)
Event: 349.431 Thread 0x000002376c652b90 nmethod 3595 0x00000237560c2888 code [0x00000237560c29c0, 0x00000237560c2cb8]
Event: 349.431 Thread 0x000002376c652b90 3596       3       java.util.concurrent.locks.ReentrantLock$Sync::newCondition (9 bytes)
Event: 349.431 Thread 0x000002376c652b90 nmethod 3596 0x0000023755d3b208 code [0x0000023755d3b340, 0x0000023755d3b5c8]
Event: 349.448 Thread 0x000002376c652b90 3597       3       java.lang.String::<init> (37 bytes)
Event: 349.449 Thread 0x000002376c652b90 nmethod 3597 0x00000237560c2d08 code [0x00000237560c2e20, 0x00000237560c3018]
Event: 351.486 Thread 0x000002376c652b90 3598       3       javax.swing.Timer::<init> (92 bytes)
Event: 351.487 Thread 0x000002376c652b90 nmethod 3598 0x00000237560c3088 code [0x00000237560c3280, 0x00000237560c3f80]
Event: 351.487 Thread 0x000002376c652b90 3600       3       java.lang.CharacterDataLatin1::digit (32 bytes)
Event: 351.487 Thread 0x000002376c652b90 nmethod 3600 0x00000237560c4008 code [0x00000237560c4140, 0x00000237560c4368]
Event: 351.487 Thread 0x000002376c652b90 3599       3       javax.swing.Timer$DoPostEvent::<init> (10 bytes)
Event: 351.487 Thread 0x000002376c652b90 nmethod 3599 0x00000237560c4388 code [0x00000237560c44a0, 0x00000237560c4670]
Event: 355.914 Thread 0x000002376c640b60 3601       4       java.awt.Component::getBounds (5 bytes)
Event: 355.915 Thread 0x000002376c640b60 nmethod 3601 0x000002375d946308 code [0x000002375d946400, 0x000002375d946500]
Event: 356.676 Thread 0x000002376c652b90 3602       3       java.util.LinkedList::linkLast (59 bytes)
Event: 356.677 Thread 0x000002376c652b90 nmethod 3602 0x00000237560c4708 code [0x00000237560c4840, 0x00000237560c4cb8]
Event: 356.677 Thread 0x000002376c652b90 3603       3       java.util.LinkedList$Node::<init> (20 bytes)
Event: 356.677 Thread 0x000002376c652b90 nmethod 3603 0x00000237560c4d08 code [0x00000237560c4e20, 0x00000237560c50b8]

GC Heap History (20 events):
Event: 338.218 GC heap before
{Heap before GC invocations=460 (full 0):
 garbage-first heap   total reserved 4139008K, committed 358400K, used 333919K [0x0000000703600000, 0x0000000800000000)
  region size 2048K, 62 young (126976K), 1 survivors (2048K)
 Metaspace       used 11615K, committed 11776K, reserved 1114112K
  class space    used 1260K, committed 1344K, reserved 1048576K
}
Event: 338.219 GC heap after
{Heap after GC invocations=461 (full 0):
 garbage-first heap   total reserved 4139008K, committed 358400K, used 209247K [0x0000000703600000, 0x0000000800000000)
  region size 2048K, 1 young (2048K), 1 survivors (2048K)
 Metaspace       used 11615K, committed 11776K, reserved 1114112K
  class space    used 1260K, committed 1344K, reserved 1048576K
}
Event: 339.109 GC heap before
{Heap before GC invocations=462 (full 0):
 garbage-first heap   total reserved 4139008K, committed 368640K, used 346463K [0x0000000703600000, 0x0000000800000000)
  region size 2048K, 62 young (126976K), 1 survivors (2048K)
 Metaspace       used 11619K, committed 11840K, reserved 1114112K
  class space    used 1260K, committed 1344K, reserved 1048576K
}
Event: 339.110 GC heap after
{Heap after GC invocations=463 (full 0):
 garbage-first heap   total reserved 4139008K, committed 368640K, used 213788K [0x0000000703600000, 0x0000000800000000)
  region size 2048K, 1 young (2048K), 1 survivors (2048K)
 Metaspace       used 11619K, committed 11840K, reserved 1114112K
  class space    used 1260K, committed 1344K, reserved 1048576K
}
Event: 340.105 GC heap before
{Heap before GC invocations=463 (full 0):
 garbage-first heap   total reserved 4139008K, committed 368640K, used 348956K [0x0000000703600000, 0x0000000800000000)
  region size 2048K, 66 young (135168K), 1 survivors (2048K)
 Metaspace       used 11619K, committed 11840K, reserved 1114112K
  class space    used 1260K, committed 1344K, reserved 1048576K
}
Event: 340.106 GC heap after
{Heap after GC invocations=464 (full 0):
 garbage-first heap   total reserved 4139008K, committed 368640K, used 212413K [0x0000000703600000, 0x0000000800000000)
  region size 2048K, 1 young (2048K), 1 survivors (2048K)
 Metaspace       used 11619K, committed 11840K, reserved 1114112K
  class space    used 1260K, committed 1344K, reserved 1048576K
}
Event: 341.067 GC heap before
{Heap before GC invocations=464 (full 0):
 garbage-first heap   total reserved 4139008K, committed 368640K, used 333245K [0x0000000703600000, 0x0000000800000000)
  region size 2048K, 61 young (124928K), 1 survivors (2048K)
 Metaspace       used 11619K, committed 11840K, reserved 1114112K
  class space    used 1260K, committed 1344K, reserved 1048576K
}
Event: 341.069 GC heap after
{Heap after GC invocations=465 (full 0):
 garbage-first heap   total reserved 4139008K, committed 368640K, used 212806K [0x0000000703600000, 0x0000000800000000)
  region size 2048K, 1 young (2048K), 1 survivors (2048K)
 Metaspace       used 11619K, committed 11840K, reserved 1114112K
  class space    used 1260K, committed 1344K, reserved 1048576K
}
Event: 342.020 GC heap before
{Heap before GC invocations=466 (full 0):
 garbage-first heap   total reserved 4139008K, committed 368640K, used 350022K [0x0000000703600000, 0x0000000800000000)
  region size 2048K, 66 young (135168K), 1 survivors (2048K)
 Metaspace       used 11622K, committed 11840K, reserved 1114112K
  class space    used 1260K, committed 1344K, reserved 1048576K
}
Event: 342.021 GC heap after
{Heap after GC invocations=467 (full 0):
 garbage-first heap   total reserved 4139008K, committed 368640K, used 214511K [0x0000000703600000, 0x0000000800000000)
  region size 2048K, 1 young (2048K), 1 survivors (2048K)
 Metaspace       used 11622K, committed 11840K, reserved 1114112K
  class space    used 1260K, committed 1344K, reserved 1048576K
}
Event: 342.970 GC heap before
{Heap before GC invocations=467 (full 0):
 garbage-first heap   total reserved 4139008K, committed 368640K, used 345583K [0x0000000703600000, 0x0000000800000000)
  region size 2048K, 65 young (133120K), 1 survivors (2048K)
 Metaspace       used 11622K, committed 11840K, reserved 1114112K
  class space    used 1260K, committed 1344K, reserved 1048576K
}
Event: 342.971 GC heap after
{Heap after GC invocations=468 (full 0):
 garbage-first heap   total reserved 4139008K, committed 368640K, used 214569K [0x0000000703600000, 0x0000000800000000)
  region size 2048K, 1 young (2048K), 1 survivors (2048K)
 Metaspace       used 11622K, committed 11840K, reserved 1114112K
  class space    used 1260K, committed 1344K, reserved 1048576K
}
Event: 343.336 GC heap before
{Heap before GC invocations=468 (full 0):
 garbage-first heap   total reserved 4139008K, committed 368640K, used 265769K [0x0000000703600000, 0x0000000800000000)
  region size 2048K, 27 young (55296K), 1 survivors (2048K)
 Metaspace       used 11622K, committed 11840K, reserved 1114112K
  class space    used 1260K, committed 1344K, reserved 1048576K
}
Event: 343.337 GC heap after
{Heap after GC invocations=469 (full 0):
 garbage-first heap   total reserved 4139008K, committed 368640K, used 212612K [0x0000000703600000, 0x0000000800000000)
  region size 2048K, 1 young (2048K), 1 survivors (2048K)
 Metaspace       used 11622K, committed 11840K, reserved 1114112K
  class space    used 1260K, committed 1344K, reserved 1048576K
}
Event: 344.260 GC heap before
{Heap before GC invocations=470 (full 0):
 garbage-first heap   total reserved 4139008K, committed 368640K, used 347204K [0x0000000703600000, 0x0000000800000000)
  region size 2048K, 66 young (135168K), 1 survivors (2048K)
 Metaspace       used 11624K, committed 11840K, reserved 1114112K
  class space    used 1260K, committed 1344K, reserved 1048576K
}
Event: 344.262 GC heap after
{Heap after GC invocations=471 (full 0):
 garbage-first heap   total reserved 4139008K, committed 368640K, used 213943K [0x0000000703600000, 0x0000000800000000)
  region size 2048K, 1 young (2048K), 1 survivors (2048K)
 Metaspace       used 11624K, committed 11840K, reserved 1114112K
  class space    used 1260K, committed 1344K, reserved 1048576K
}
Event: 345.257 GC heap before
{Heap before GC invocations=471 (full 0):
 garbage-first heap   total reserved 4139008K, committed 368640K, used 349111K [0x0000000703600000, 0x0000000800000000)
  region size 2048K, 66 young (135168K), 1 survivors (2048K)
 Metaspace       used 11624K, committed 11840K, reserved 1114112K
  class space    used 1260K, committed 1344K, reserved 1048576K
}
Event: 345.259 GC heap after
{Heap after GC invocations=472 (full 0):
 garbage-first heap   total reserved 4139008K, committed 368640K, used 219304K [0x0000000703600000, 0x0000000800000000)
  region size 2048K, 1 young (2048K), 1 survivors (2048K)
 Metaspace       used 11624K, committed 11840K, reserved 1114112K
  class space    used 1260K, committed 1344K, reserved 1048576K
}
Event: 346.064 GC heap before
{Heap before GC invocations=472 (full 0):
 garbage-first heap   total reserved 4139008K, committed 368640K, used 313512K [0x0000000703600000, 0x0000000800000000)
  region size 2048K, 48 young (98304K), 1 survivors (2048K)
 Metaspace       used 11624K, committed 11840K, reserved 1114112K
  class space    used 1260K, committed 1344K, reserved 1048576K
}
Event: 346.065 GC heap after
{Heap after GC invocations=473 (full 0):
 garbage-first heap   total reserved 4139008K, committed 368640K, used 215560K [0x0000000703600000, 0x0000000800000000)
  region size 2048K, 1 young (2048K), 1 survivors (2048K)
 Metaspace       used 11624K, committed 11840K, reserved 1114112K
  class space    used 1260K, committed 1344K, reserved 1048576K
}

Dll operation events (13 events):
Event: 0.020 Loaded shared library C:\Program Files\Java\jdk-23\bin\java.dll
Event: 0.054 Loaded shared library C:\Program Files\Java\jdk-23\bin\jsvml.dll
Event: 0.094 Loaded shared library C:\Program Files\Java\jdk-23\bin\zip.dll
Event: 0.098 Loaded shared library C:\Program Files\Java\jdk-23\bin\instrument.dll
Event: 0.104 Loaded shared library C:\Program Files\Java\jdk-23\bin\net.dll
Event: 0.106 Loaded shared library C:\Program Files\Java\jdk-23\bin\nio.dll
Event: 0.111 Loaded shared library C:\Program Files\Java\jdk-23\bin\zip.dll
Event: 0.130 Loaded shared library C:\Program Files\Java\jdk-23\bin\extnet.dll
Event: 0.139 Loaded shared library C:\Program Files\Java\jdk-23\bin\jimage.dll
Event: 0.153 Loaded shared library C:\Program Files\Java\jdk-23\bin\awt.dll
Event: 0.460 Loaded shared library C:\Program Files\Java\jdk-23\bin\jsound.dll
Event: 0.588 Loaded shared library C:\Program Files\Java\jdk-23\bin\freetype.dll
Event: 0.595 Loaded shared library C:\Program Files\Java\jdk-23\bin\fontmanager.dll

Deoptimization events (20 events):
Event: 240.794 Thread 0x00000237456bfd40 DEOPT PACKING pc=0x000002375608524e sp=0x000000449b6fe630
Event: 240.794 Thread 0x00000237456bfd40 DEOPT UNPACKING pc=0x000002375d274b22 sp=0x000000449b6fdae0 mode 0
Event: 240.795 Thread 0x00000237456bfd40 DEOPT PACKING pc=0x000002375608524e sp=0x000000449b6fe630
Event: 240.795 Thread 0x00000237456bfd40 DEOPT UNPACKING pc=0x000002375d274b22 sp=0x000000449b6fdae0 mode 0
Event: 252.646 Thread 0x00000237456bfd40 DEOPT PACKING pc=0x0000023755e2a80f sp=0x000000449b6fecb0
Event: 252.646 Thread 0x00000237456bfd40 DEOPT UNPACKING pc=0x000002375d274b22 sp=0x000000449b6fe170 mode 0
Event: 257.721 Thread 0x0000023747f57e50 DEOPT PACKING pc=0x0000023755e98d2c sp=0x000000449c5ff260
Event: 257.721 Thread 0x0000023747f57e50 DEOPT UNPACKING pc=0x000002375d274b22 sp=0x000000449c5fe760 mode 0
Event: 262.690 Thread 0x0000023745323ba0 Uncommon trap: trap_request=0xffffff45 fr.pc=0x000002375d8ea448 relative=0x0000000000000048
Event: 262.690 Thread 0x0000023745323ba0 Uncommon trap: reason=unstable_if action=reinterpret pc=0x000002375d8ea448 method=java.util.IdentityHashMap.nextKeyIndex(II)I @ 4 c2
Event: 262.690 Thread 0x0000023745323ba0 DEOPT PACKING pc=0x000002375d8ea448 sp=0x000000449aeff070
Event: 262.690 Thread 0x0000023745323ba0 DEOPT UNPACKING pc=0x000002375d274402 sp=0x000000449aefeff8 mode 2
Event: 333.404 Thread 0x0000023745323ba0 Uncommon trap: trap_request=0xffffff45 fr.pc=0x000002375d9019b0 relative=0x0000000000001b90
Event: 333.404 Thread 0x0000023745323ba0 Uncommon trap: reason=unstable_if action=reinterpret pc=0x000002375d9019b0 method=java.awt.EventQueue.eventToCacheIndex(Ljava/awt/AWTEvent;)I @ 4 c2
Event: 333.404 Thread 0x0000023745323ba0 DEOPT PACKING pc=0x000002375d9019b0 sp=0x000000449aeff3a0
Event: 333.404 Thread 0x0000023745323ba0 DEOPT UNPACKING pc=0x000002375d274402 sp=0x000000449aeff1d0 mode 2
Event: 349.436 Thread 0x0000023745323ba0 Uncommon trap: trap_request=0xffffff45 fr.pc=0x000002375d91aabc relative=0x000000000000101c
Event: 349.436 Thread 0x0000023745323ba0 Uncommon trap: reason=unstable_if action=reinterpret pc=0x000002375d91aabc method=jdk.internal.jimage.ImageLocation.verifyName(Ljava/lang/String;Ljava/lang/String;IIIIIILjdk/internal/jimage/ImageStrings;)Z @ 2 c2
Event: 349.436 Thread 0x0000023745323ba0 DEOPT PACKING pc=0x000002375d91aabc sp=0x000000449aefe9f0
Event: 349.436 Thread 0x0000023745323ba0 DEOPT UNPACKING pc=0x000002375d274402 sp=0x000000449aefe8c8 mode 2

Classes loaded (20 events):
Event: 27.228 Loading class java/awt/image/RGBImageFilter done
Event: 27.228 Loading class javax/swing/plaf/metal/MetalUtils$OceanDisabledButtonImageFilter done
Event: 27.228 Loading class sun/swing/ImageIconUIResource
Event: 27.228 Loading class sun/swing/ImageIconUIResource done
Event: 28.106 Loading class java/util/Formatter$FixedString
Event: 28.106 Loading class java/util/Formatter$FixedString done
Event: 28.106 Loading class java/util/Formatter$FormatSpecifierParser
Event: 28.106 Loading class java/util/Formatter$FormatSpecifierParser done
Event: 28.106 Loading class jdk/internal/math/FormattedFPDecimal
Event: 28.107 Loading class jdk/internal/math/FormattedFPDecimal done
Event: 28.158 Loading class sun/font/StandardGlyphVector
Event: 28.160 Loading class java/awt/font/GlyphVector
Event: 28.161 Loading class java/awt/font/GlyphVector done
Event: 28.161 Loading class sun/font/StandardGlyphVector done
Event: 28.161 Loading class sun/font/FontSubstitution
Event: 28.161 Loading class sun/font/FontSubstitution done
Event: 28.161 Loading class sun/font/StandardGlyphVector$GlyphStrike
Event: 28.161 Loading class sun/font/StandardGlyphVector$GlyphStrike done
Event: 64.571 Loading class java/security/DomainCombiner
Event: 64.571 Loading class java/security/DomainCombiner done

Classes unloaded (0 events):
No events

Classes redefined (0 events):
No events

Internal exceptions (20 events):
Event: 346.413 Thread 0x00000237456bfd40 Exception <a 'java/lang/InterruptedException'{0x00000007186cf800}: sleep interrupted> (0x00000007186cf800) 
thrown [s\open\src\hotspot\share\prims\jvm.cpp, line 3071]
Event: 346.431 Thread 0x0000023747f549d0 Exception <a 'java/lang/InterruptedException'{0x0000000718410f88}: sleep interrupted> (0x0000000718410f88) 
thrown [s\open\src\hotspot\share\prims\jvm.cpp, line 3071]
Event: 346.457 Thread 0x0000023747f52f90 Exception <a 'java/lang/InterruptedException'{0x0000000718426898}: sleep interrupted> (0x0000000718426898) 
thrown [s\open\src\hotspot\share\prims\jvm.cpp, line 3071]
Event: 347.441 Thread 0x00000237456bf6b0 Exception <a 'java/lang/InterruptedException'{0x0000000718080600}: sleep interrupted> (0x0000000718080600) 
thrown [s\open\src\hotspot\share\prims\jvm.cpp, line 3071]
Event: 349.442 Thread 0x0000023747f549d0 Exception <a 'java/lang/InterruptedException'{0x00000007172568b0}: sleep interrupted> (0x00000007172568b0) 
thrown [s\open\src\hotspot\share\prims\jvm.cpp, line 3071]
Event: 349.484 Thread 0x00000237456bfd40 Exception <a 'java/lang/InterruptedException'{0x00000007173aac58}: sleep interrupted> (0x00000007173aac58) 
thrown [s\open\src\hotspot\share\prims\jvm.cpp, line 3071]
Event: 351.486 Thread 0x0000023747f549d0 Exception <a 'java/lang/InterruptedException'{0x0000000716437a20}: sleep interrupted> (0x0000000716437a20) 
thrown [s\open\src\hotspot\share\prims\jvm.cpp, line 3071]
Event: 351.489 Thread 0x0000023747f52f90 Exception <a 'java/lang/InterruptedException'{0x00000007164da140}: sleep interrupted> (0x00000007164da140) 
thrown [s\open\src\hotspot\share\prims\jvm.cpp, line 3071]
Event: 351.533 Thread 0x0000023747f53620 Exception <a 'java/lang/InterruptedException'{0x00000007165a4b10}: sleep interrupted> (0x00000007165a4b10) 
thrown [s\open\src\hotspot\share\prims\jvm.cpp, line 3071]
Event: 352.046 Thread 0x0000023747f52270 Exception <a 'java/lang/InterruptedException'{0x00000007160315e8}: sleep interrupted> (0x00000007160315e8) 
thrown [s\open\src\hotspot\share\prims\jvm.cpp, line 3093]
Event: 352.050 Thread 0x0000023747f549d0 Exception <a 'java/lang/InterruptedException'{0x00000007161376e0}: sleep interrupted> (0x00000007161376e0) 
thrown [s\open\src\hotspot\share\prims\jvm.cpp, line 3071]
Event: 352.109 Thread 0x00000237456bfd40 Exception <a 'java/lang/InterruptedException'{0x0000000715f152a8}: sleep interrupted> (0x0000000715f152a8) 
thrown [s\open\src\hotspot\share\prims\jvm.cpp, line 3071]
Event: 354.586 Thread 0x0000023747f549d0 Exception <a 'java/lang/InterruptedException'{0x0000000714e71808}: sleep interrupted> (0x0000000714e71808) 
thrown [s\open\src\hotspot\share\prims\jvm.cpp, line 3071]
Event: 354.592 Thread 0x00000237456bfd40 Exception <a 'java/lang/InterruptedException'{0x0000000714f9e2e8}: sleep interrupted> (0x0000000714f9e2e8) 
thrown [s\open\src\hotspot\share\prims\jvm.cpp, line 3071]
Event: 354.605 Thread 0x0000023747f52f90 Exception <a 'java/lang/InterruptedException'{0x0000000714ce08e0}: sleep interrupted> (0x0000000714ce08e0) 
thrown [s\open\src\hotspot\share\prims\jvm.cpp, line 3071]
Event: 354.668 Thread 0x00000237456bf6b0 Exception <a 'java/lang/InterruptedException'{0x000000071534e3e0}: sleep interrupted> (0x000000071534e3e0) 
thrown [s\open\src\hotspot\share\prims\jvm.cpp, line 3071]
Event: 355.938 Thread 0x0000023747f549d0 Exception <a 'java/lang/InterruptedException'{0x0000000713c88640}: sleep interrupted> (0x0000000713c88640) 
thrown [s\open\src\hotspot\share\prims\jvm.cpp, line 3071]
Event: 356.365 Thread 0x0000023747f52270 Exception <a 'java/lang/InterruptedException'{0x0000000713b53060}: sleep interrupted> (0x0000000713b53060) 
thrown [s\open\src\hotspot\share\prims\jvm.cpp, line 3093]
Event: 356.369 Thread 0x0000023747f52f90 Exception <a 'java/lang/InterruptedException'{0x0000000713857f98}: sleep interrupted> (0x0000000713857f98) 
thrown [s\open\src\hotspot\share\prims\jvm.cpp, line 3071]
Event: 356.434 Thread 0x0000023747f53620 Exception <a 'java/lang/InterruptedException'{0x00000007139b4058}: sleep interrupted> (0x00000007139b4058) 
thrown [s\open\src\hotspot\share\prims\jvm.cpp, line 3071]

VM Operations (20 events):
Event: 342.020 Executing VM operation: G1CollectForAllocation (G1 Evacuation Pause)
Event: 342.021 Executing VM operation: G1CollectForAllocation (G1 Evacuation Pause) done
Event: 342.970 Executing VM operation: G1CollectForAllocation (G1 Evacuation Pause)
Event: 342.971 Executing VM operation: G1CollectForAllocation (G1 Evacuation Pause) done
Event: 343.336 Executing VM operation: G1TryInitiateConcMark (G1 Humongous Allocation)
Event: 343.337 Executing VM operation: G1TryInitiateConcMark (G1 Humongous Allocation) done
Event: 343.341 Executing VM operation: G1PauseRemark
Event: 343.343 Executing VM operation: G1PauseRemark done
Event: 343.344 Executing VM operation: G1PauseCleanup
Event: 343.344 Executing VM operation: G1PauseCleanup done
Event: 344.260 Executing VM operation: G1CollectForAllocation (G1 Evacuation Pause)
Event: 344.262 Executing VM operation: G1CollectForAllocation (G1 Evacuation Pause) done
Event: 345.257 Executing VM operation: G1CollectForAllocation (G1 Evacuation Pause)
Event: 345.259 Executing VM operation: G1CollectForAllocation (G1 Evacuation Pause) done
Event: 346.064 Executing VM operation: G1TryInitiateConcMark (G1 Humongous Allocation)
Event: 346.065 Executing VM operation: G1TryInitiateConcMark (G1 Humongous Allocation) done
Event: 346.070 Executing VM operation: G1PauseRemark
Event: 346.071 Executing VM operation: G1PauseRemark done
Event: 346.072 Executing VM operation: G1PauseCleanup
Event: 346.073 Executing VM operation: G1PauseCleanup done

Memory protections (0 events):
No events

Nmethod flushes (20 events):
Event: 288.905 Thread 0x000002376c617de0 flushing  nmethod 0x0000023755e34908
Event: 288.905 Thread 0x000002376c617de0 flushing  nmethod 0x0000023755da3788
Event: 288.905 Thread 0x000002376c617de0 flushing  nmethod 0x0000023755e97208
Event: 288.905 Thread 0x000002376c617de0 flushing  nmethod 0x0000023755eac608
Event: 288.905 Thread 0x000002376c617de0 flushing  nmethod 0x0000023755e65588
Event: 288.905 Thread 0x000002376c617de0 flushing  nmethod 0x0000023755f66588
Event: 288.905 Thread 0x000002376c617de0 flushing  nmethod 0x0000023755f76d08
Event: 288.905 Thread 0x000002376c617de0 flushing  nmethod 0x0000023755f7c208
Event: 302.850 Thread 0x000002376c617de0 flushing  nmethod 0x0000023755f4f888
Event: 305.899 Thread 0x000002376c617de0 flushing  nmethod 0x0000023755ffa388
Event: 308.775 Thread 0x000002376c617de0 flushing  nmethod 0x0000023755f8c908
Event: 311.688 Thread 0x000002376c617de0 flushing  nmethod 0x0000023755e96f08
Event: 314.650 Thread 0x000002376c617de0 flushing  nmethod 0x0000023755dac008
Event: 320.612 Thread 0x000002376c617de0 flushing  nmethod 0x0000023755d3b208
Event: 326.827 Thread 0x000002376c617de0 flushing  nmethod 0x0000023755d10608
Event: 332.666 Thread 0x000002376c617de0 flushing  nmethod 0x0000023755d34688
Event: 338.224 Thread 0x000002376c617de0 flushing  nmethod 0x000002375d8ffb08
Event: 338.224 Thread 0x000002376c617de0 flushing  nmethod 0x0000023755f42288
Event: 338.224 Thread 0x000002376c617de0 flushing  nmethod 0x0000023756085408
Event: 338.224 Thread 0x000002376c617de0 flushing  nmethod 0x0000023755d0ee88

Events (20 events):
Event: 301.983 Thread 0x0000023745323ba0 Thread added: 0x0000023747f52270
Event: 305.022 Thread 0x0000023747f52270 Thread exited: 0x0000023747f52270
Event: 307.031 Thread 0x0000023745323ba0 Thread added: 0x0000023747f52270
Event: 307.893 Thread 0x0000023747f52270 Thread exited: 0x0000023747f52270
Event: 311.734 Thread 0x0000023745323ba0 Thread added: 0x0000023747f52270
Event: 312.573 Thread 0x0000023747f52270 Thread exited: 0x0000023747f52270
Event: 320.141 Thread 0x0000023745323ba0 Thread added: 0x0000023747f52270
Event: 320.910 Thread 0x0000023747f52270 Thread exited: 0x0000023747f52270
Event: 328.455 Thread 0x0000023745323ba0 Thread added: 0x0000023747f52270
Event: 328.894 Thread 0x0000023747f52270 Thread exited: 0x0000023747f52270
Event: 332.734 Thread 0x0000023747f584e0 Thread exited: 0x0000023747f584e0
Event: 334.680 Thread 0x0000023745323ba0 Thread added: 0x0000023747f52270
Event: 334.701 Thread 0x0000023745323ba0 Thread added: 0x0000023747f58b70
Event: 335.768 Thread 0x0000023747f52270 Thread exited: 0x0000023747f52270
Event: 343.358 Thread 0x0000023745323ba0 Thread added: 0x0000023747f52270
Event: 343.862 Thread 0x0000023747f52270 Thread exited: 0x0000023747f52270
Event: 351.488 Thread 0x0000023745323ba0 Thread added: 0x0000023747f52270
Event: 352.046 Thread 0x0000023747f52270 Thread exited: 0x0000023747f52270
Event: 355.914 Thread 0x0000023745323ba0 Thread added: 0x0000023747f52270
Event: 356.365 Thread 0x0000023747f52270 Thread exited: 0x0000023747f52270


Dynamic libraries:
0x00007ff65ac50000 - 0x00007ff65ac60000 	C:\Program Files\Java\jdk-23\bin\java.exe
0x00007ffbca860000 - 0x00007ffbcaac0000 	C:\WINDOWS\SYSTEM32\ntdll.dll
0x00007ffb91430000 - 0x00007ffb9144a000 	C:\Program Files\Avast Software\Avast\aswhook.dll
0x00007ffbc8d70000 - 0x00007ffbc8e37000 	C:\WINDOWS\System32\KERNEL32.DLL
0x00007ffbc7a70000 - 0x00007ffbc7e3a000 	C:\WINDOWS\System32\KERNELBASE.dll
0x00007ffbc8450000 - 0x00007ffbc859b000 	C:\WINDOWS\System32\ucrtbase.dll
0x00007ffbc2630000 - 0x00007ffbc264b000 	C:\Program Files\Java\jdk-23\bin\VCRUNTIME140.dll
0x00007ffbc2610000 - 0x00007ffbc2627000 	C:\Program Files\Java\jdk-23\bin\jli.dll
0x00007ffbc8e40000 - 0x00007ffbc900c000 	C:\WINDOWS\System32\USER32.dll
0x00007ffbab2f0000 - 0x00007ffbab587000 	C:\WINDOWS\WinSxS\amd64_microsoft.windows.common-controls_6595b64144ccf1df_6.0.26100.3624_none_3e086962e3345f24\COMCTL32.dll
0x00007ffbc7a40000 - 0x00007ffbc7a67000 	C:\WINDOWS\System32\win32u.dll
0x00007ffbc8b30000 - 0x00007ffbc8bd9000 	C:\WINDOWS\System32\msvcrt.dll
0x00007ffbc8690000 - 0x00007ffbc86ba000 	C:\WINDOWS\System32\GDI32.dll
0x00007ffbc8310000 - 0x00007ffbc8441000 	C:\WINDOWS\System32\gdi32full.dll
0x00007ffbc7ee0000 - 0x00007ffbc7f83000 	C:\WINDOWS\System32\msvcp_win.dll
0x00007ffbc8750000 - 0x00007ffbc877f000 	C:\WINDOWS\System32\IMM32.DLL
0x00007ffbc2600000 - 0x00007ffbc260c000 	C:\Program Files\Java\jdk-23\bin\vcruntime140_1.dll
0x00007ffbb04d0000 - 0x00007ffbb055e000 	C:\Program Files\Java\jdk-23\bin\msvcp140.dll
0x00007ffb0be10000 - 0x00007ffb0cb5f000 	C:\Program Files\Java\jdk-23\bin\server\jvm.dll
0x00007ffbc8c90000 - 0x00007ffbc8d42000 	C:\WINDOWS\System32\ADVAPI32.dll
0x00007ffbc8be0000 - 0x00007ffbc8c86000 	C:\WINDOWS\System32\sechost.dll
0x00007ffbc9010000 - 0x00007ffbc9126000 	C:\WINDOWS\System32\RPCRT4.dll
0x00007ffbc87a0000 - 0x00007ffbc8814000 	C:\WINDOWS\System32\WS2_32.dll
0x00007ffbc77e0000 - 0x00007ffbc783e000 	C:\WINDOWS\SYSTEM32\POWRPROF.dll
0x00007ffbab650000 - 0x00007ffbab686000 	C:\WINDOWS\SYSTEM32\WINMM.dll
0x00007ffbc03e0000 - 0x00007ffbc03eb000 	C:\WINDOWS\SYSTEM32\VERSION.dll
0x00007ffbc77c0000 - 0x00007ffbc77d4000 	C:\WINDOWS\SYSTEM32\UMPDC.dll
0x00007ffbc6850000 - 0x00007ffbc686a000 	C:\WINDOWS\SYSTEM32\kernel.appcore.dll
0x00007ffbc25f0000 - 0x00007ffbc25fa000 	C:\Program Files\Java\jdk-23\bin\jimage.dll
0x00007ffbc5170000 - 0x00007ffbc53b1000 	C:\WINDOWS\SYSTEM32\DBGHELP.DLL
0x00007ffbc9130000 - 0x00007ffbc94b2000 	C:\WINDOWS\System32\combase.dll
0x00007ffbc9760000 - 0x00007ffbc9836000 	C:\WINDOWS\System32\OLEAUT32.dll
0x00007ffbba870000 - 0x00007ffbba8a9000 	C:\WINDOWS\SYSTEM32\dbgcore.DLL
0x00007ffbc7e40000 - 0x00007ffbc7ed9000 	C:\WINDOWS\System32\bcryptPrimitives.dll
0x00007ffbc2530000 - 0x00007ffbc253f000 	C:\Program Files\Java\jdk-23\bin\instrument.dll
0x00007ffbc2580000 - 0x00007ffbc259e000 	C:\Program Files\Java\jdk-23\bin\java.dll
0x00007ffbc9540000 - 0x00007ffbc96d6000 	C:\WINDOWS\System32\ole32.dll
0x00007ffbc9890000 - 0x00007ffbc9fb9000 	C:\WINDOWS\System32\SHELL32.dll
0x00007ffbc81a0000 - 0x00007ffbc8308000 	C:\WINDOWS\System32\wintypes.dll
0x00007ffbc5720000 - 0x00007ffbc5f72000 	C:\WINDOWS\SYSTEM32\windows.storage.dll
0x00007ffbc8a40000 - 0x00007ffbc8b2d000 	C:\WINDOWS\System32\SHCORE.dll
0x00007ffbc89d0000 - 0x00007ffbc8a34000 	C:\WINDOWS\System32\shlwapi.dll
0x00007ffbc7950000 - 0x00007ffbc797f000 	C:\WINDOWS\SYSTEM32\profapi.dll
0x00007ffbae380000 - 0x00007ffbae457000 	C:\Program Files\Java\jdk-23\bin\jsvml.dll
0x00007ffbc2540000 - 0x00007ffbc2557000 	C:\Program Files\Java\jdk-23\bin\zip.dll
0x00007ffbc25e0000 - 0x00007ffbc25f0000 	C:\Program Files\Java\jdk-23\bin\net.dll
0x00007ffbc6d70000 - 0x00007ffbc6dda000 	C:\WINDOWS\system32\mswsock.dll
0x00007ffbc2560000 - 0x00007ffbc2576000 	C:\Program Files\Java\jdk-23\bin\nio.dll
0x00007ffbc20d0000 - 0x00007ffbc20d9000 	C:\Program Files\Java\jdk-23\bin\extnet.dll
0x00007ffbada70000 - 0x00007ffbadbfe000 	C:\Program Files\Java\jdk-23\bin\awt.dll
0x00007ffbc4610000 - 0x00007ffbc46ac000 	C:\WINDOWS\SYSTEM32\apphelp.dll
0x00007ffbc47f0000 - 0x00007ffbc489e000 	C:\WINDOWS\system32\uxtheme.dll
0x00007ffbca4b0000 - 0x00007ffbca60d000 	C:\WINDOWS\System32\MSCTF.dll
0x00007ffbc4b30000 - 0x00007ffbc4b66000 	C:\WINDOWS\system32\DWMAPI.DLL
0x00007ffb95810000 - 0x00007ffb9591c000 	C:\WINDOWS\system32\opengl32.dll
0x00007ffb95fa0000 - 0x00007ffb95fcd000 	C:\WINDOWS\SYSTEM32\GLU32.dll
0x00007ffbc4b70000 - 0x00007ffbc4bb7000 	C:\WINDOWS\SYSTEM32\dxcore.dll
0x00007ffbb2240000 - 0x00007ffbb2252000 	C:\Program Files\Java\jdk-23\bin\jsound.dll
0x00007ffbae6d0000 - 0x00007ffbae764000 	C:\WINDOWS\SYSTEM32\DSOUND.dll
0x00007ffba9b90000 - 0x00007ffba9bc1000 	C:\WINDOWS\SYSTEM32\winmmbase.dll
0x00007ffbae5e0000 - 0x00007ffbae691000 	C:\WINDOWS\SYSTEM32\ResampleDmo.DLL
0x00007ffb9d630000 - 0x00007ffb9d63e000 	C:\WINDOWS\SYSTEM32\msdmo.dll
0x00007ffbc8920000 - 0x00007ffbc89c8000 	C:\WINDOWS\System32\clbcatq.dll
0x00007ffbbab00000 - 0x00007ffbbab9a000 	C:\WINDOWS\System32\MMDevApi.dll
0x00007ffbc75c0000 - 0x00007ffbc75ed000 	C:\WINDOWS\System32\DEVOBJ.dll
0x00007ffbc7550000 - 0x00007ffbc75af000 	C:\WINDOWS\SYSTEM32\cfgmgr32.dll
0x00007ffb832f0000 - 0x00007ffb83338000 	C:\WINDOWS\SYSTEM32\wdmaud.drv
0x00007ffba5b10000 - 0x00007ffba5ccd000 	C:\WINDOWS\SYSTEM32\AUDIOSES.DLL
0x00007ffb83840000 - 0x00007ffb8384f000 	C:\WINDOWS\SYSTEM32\msacm32.drv
0x00007ffb835e0000 - 0x00007ffb83601000 	C:\WINDOWS\SYSTEM32\MSACM32.dll
0x00007ffb90190000 - 0x00007ffb9019c000 	C:\WINDOWS\SYSTEM32\midimap.dll
0x00007ffbc4f00000 - 0x00007ffbc4f14000 	C:\WINDOWS\SYSTEM32\resourcepolicyclient.dll
0x00007ffbb8770000 - 0x00007ffbb88c6000 	C:\Windows\System32\Windows.UI.dll
0x00007ffbae1a0000 - 0x00007ffbae227000 	C:\Program Files\Java\jdk-23\bin\freetype.dll
0x00007ffbad990000 - 0x00007ffbada67000 	C:\Program Files\Java\jdk-23\bin\fontmanager.dll
0x00007ffbb88f0000 - 0x00007ffbb8a39000 	C:\WINDOWS\SYSTEM32\textinputframework.dll
0x00007ffb96710000 - 0x00007ffb96b44000 	C:\Windows\System32\uiautomationcore.dll
0x00007ffb90a70000 - 0x00007ffb90adb000 	C:\Windows\System32\OLEACC.dll
0x00007ffbb09d0000 - 0x00007ffbb09e6000 	C:\Windows\System32\threadpoolwinrt.dll
0x00007ffbc4230000 - 0x00007ffbc4356000 	C:\WINDOWS\SYSTEM32\CoreMessaging.dll
0x00007ffbc1200000 - 0x00007ffbc14e3000 	C:\WINDOWS\SYSTEM32\CoreUIComponents.dll
0x00007ffbc7010000 - 0x00007ffbc701c000 	C:\WINDOWS\SYSTEM32\CRYPTBASE.DLL
0x00007ffbc2e50000 - 0x00007ffbc307e000 	C:\WINDOWS\SYSTEM32\WindowsCodecs.dll
0x00007ffb941f0000 - 0x00007ffb9424a000 	C:\WINDOWS\system32\dataexchange.dll
0x00007ffbbbe40000 - 0x00007ffbbc07b000 	C:\WINDOWS\system32\twinapi.appcore.dll
0x00007ffbc19f0000 - 0x00007ffbc19fb000 	C:\WINDOWS\SYSTEM32\avrt.dll

dbghelp: loaded successfully - version: 4.0.5 - missing functions: none
symbol engine: initialized successfully - sym options: 0x614 - pdb path: .;C:\Program Files\Java\jdk-23\bin;C:\WINDOWS\SYSTEM32;C:\Program Files\Avast Software\Avast;C:\WINDOWS\WinSxS\amd64_microsoft.windows.common-controls_6595b64144ccf1df_6.0.26100.3624_none_3e086962e3345f24;C:\Program Files\Java\jdk-23\bin\server

VM Arguments:
jvm_args: -javaagent:C:\Program Files\JetBrains\IntelliJ IDEA Community Edition 2024.3.4.1\lib\idea_rt.jar=60974 -Dfile.encoding=UTF-8 -Dsun.stdout.encoding=UTF-8 -Dsun.stderr.encoding=UTF-8 
java_command: Main.Main
java_class_path (initial): C:\Users\User\IdeaProjects\MimalaFinal\out\production\MimalaFinal
Launcher Type: SUN_STANDARD

[Global flags]
     intx CICompilerCount                          = 3                                         {product} {ergonomic}
     uint ConcGCThreads                            = 2                                         {product} {ergonomic}
     uint G1ConcRefinementThreads                  = 6                                         {product} {ergonomic}
   size_t G1HeapRegionSize                         = 2097152                                   {product} {ergonomic}
   size_t InitialHeapSize                          = 266338304                                 {product} {ergonomic}
   size_t MarkStackSize                            = 4194304                                   {product} {ergonomic}
   size_t MarkStackSizeMax                         = 536870912                                 {product} {ergonomic}
   size_t MaxHeapSize                              = 4238344192                                {product} {ergonomic}
   size_t MaxNewSize                               = 2541748224                                {product} {ergonomic}
   size_t MinHeapDeltaBytes                        = 2097152                                   {product} {ergonomic}
   size_t MinHeapSize                              = 8388608                                   {product} {ergonomic}
    uintx NonNMethodCodeHeapSize                   = 5832704                                {pd product} {ergonomic}
    uintx NonProfiledCodeHeapSize                  = 122945536                              {pd product} {ergonomic}
    uintx ProfiledCodeHeapSize                     = 122880000                              {pd product} {ergonomic}
    uintx ReservedCodeCacheSize                    = 251658240                              {pd product} {ergonomic}
     bool SegmentedCodeCache                       = true                                      {product} {ergonomic}
   size_t SoftMaxHeapSize                          = 4238344192                             {manageable} {ergonomic}
     bool UseCompressedOops                        = true                           {product lp64_product} {ergonomic}
     bool UseG1GC                                  = true                                      {product} {ergonomic}
     bool UseLargePagesIndividualAllocation        = false                                  {pd product} {ergonomic}

Logging:
Log output configuration:
 #0: stdout all=warning uptime,level,tags foldmultilines=false
 #1: stderr all=off uptime,level,tags foldmultilines=false

Environment Variables:
JAVA_HOME=C:\Program Files\Java\jdk-23\
PATH=C:\Program Files\Common Files\Oracle\Java\javapath;C:\WINDOWS\system32;C:\WINDOWS;C:\WINDOWS\System32\Wbem;C:\WINDOWS\System32\WindowsPowerShell\v1.0\;C:\WINDOWS\System32\OpenSSH\;C:\Program Files\Git\cmd;C:\Program Files\Java\jdk-23\bin;C:\Users\User\AppData\Local\Microsoft\WindowsApps;C:\Users\User\AppData\Local\Programs\Microsoft VS Code\bin;;C:\Program Files\JetBrains\IntelliJ IDEA Community Edition 2024.3.4.1\bin;
USERNAME=User
OS=Windows_NT
PROCESSOR_IDENTIFIER=Intel64 Family 6 Model 158 Stepping 10, GenuineIntel
TMP=C:\Users\User\AppData\Local\Temp
TEMP=C:\Users\User\AppData\Local\Temp




Periodic native trim disabled

---------------  S Y S T E M  ---------------

OS:
 Windows 11 , 64 bit Build 26100 (10.0.26100.3775)
OS uptime: 0 days 0:17 hours

CPU: total 6 (initial active 6) (6 cores per cpu, 1 threads per core) family 6 model 158 stepping 10 microcode 0xde, cx8, cmov, fxsr, mmx, 3dnowpref, sse, sse2, sse3, ssse3, sse4.1, sse4.2, popcnt, lzcnt, tsc, tscinvbit, avx, avx2, aes, erms, clmul, bmi1, bmi2, rtm, adx, fma, vzeroupper, clflush, clflushopt, rdtscp, f16c
Processor Information for the first 6 processors :
  Max Mhz: 2208, Current Mhz: 2208, Mhz Limit: 2208

Memory: 4k page, system-wide physical 16165M (5885M free)
TotalPageFile size 19621M (AvailPageFile size 7826M)
current process WorkingSet (physical memory assigned to process): 456M, peak: 472M
current process commit charge ("private bytes"): 480M, peak: 487M

vm_info: Java HotSpot(TM) 64-Bit Server VM (23.0.1+11-39) for windows-amd64 JRE (23.0.1+11-39), built on 2024-09-30T07:20:43Z with MS VC++ 17.6 (VS2022)

END.
